{"numTotalTestSuites":294,"numPassedTestSuites":279,"numFailedTestSuites":15,"numPendingTestSuites":0,"numTotalTests":1035,"numPassedTests":1017,"numFailedTests":18,"numPendingTests":0,"numTodoTests":0,"snapshot":{"added":0,"failure":false,"filesAdded":0,"filesRemoved":0,"filesRemovedList":[],"filesUnmatched":0,"filesUpdated":0,"matched":0,"total":0,"unchecked":0,"uncheckedKeysByFile":[],"unmatched":0,"updated":0,"didUpdate":false},"startTime":1778523650168,"success":false,"testResults":[{"assertionResults":[{"ancestorTitles":["BUG-001: scoutRegionAction alias"],"fullName":"BUG-001: scoutRegionAction alias engine deve ter o método scoutRegionAction","status":"passed","title":"engine deve ter o método scoutRegionAction","duration":70.55066599999998,"failureMessages":[],"meta":{},"tags":[]},{"ancestorTitles":["BUG-001: scoutRegionAction alias"],"fullName":"BUG-001: scoutRegionAction alias scoutRegionAction deve retornar o mesmo resultado que doScouting","status":"passed","title":"scoutRegionAction deve retornar o mesmo resultado que doScouting","duration":60.73566600000004,"failureMessages":[],"meta":{},"tags":[]},{"ancestorTitles":["BUG-002: signScoutedPlayer"],"fullName":"BUG-002: signScoutedPlayer engine deve ter o método signScoutedPlayer","status":"passed","title":"engine deve ter o método signScoutedPlayer","duration":92.37958300000003,"failureMessages":[],"meta":{},"tags":[]},{"ancestorTitles":["BUG-002: signScoutedPlayer"],"fullName":"BUG-002: signScoutedPlayer deve retornar erro para index inválido","status":"passed","title":"deve retornar erro para index inválido","duration":58.644209000000046,"failureMessages":[],"meta":{},"tags":[]},{"ancestorTitles":["BUG-002: signScoutedPlayer"],"fullName":"BUG-002: signScoutedPlayer deve retornar erro quando não há jogadores scoutados","status":"passed","title":"deve retornar erro quando não há jogadores scoutados","duration":78.52333299999998,"failureMessages":[],"meta":{},"tags":[]},{"ancestorTitles":["BUG-002: signScoutedPlayer"],"fullName":"BUG-002: signScoutedPlayer deve contratar jogador scoutado com sucesso","status":"passed","title":"deve contratar jogador scoutado com sucesso","duration":100.6791669999999,"failureMessages":[],"meta":{},"tags":[]},{"ancestorTitles":["BUG-002: signScoutedPlayer"],"fullName":"BUG-002: signScoutedPlayer deve rejeitar se saldo insuficiente","status":"passed","title":"deve rejeitar se saldo insuficiente","duration":107.25866699999983,"failureMessages":[],"meta":{},"tags":[]},{"ancestorTitles":["BUG-003: Speed ref pattern"],"fullName":"BUG-003: Speed ref pattern useRef pattern exists in MatchView (verified by build)","status":"passed","title":"useRef pattern exists in MatchView (verified by build)","duration":108.74233400000003,"failureMessages":[],"meta":{},"tags":[]},{"ancestorTitles":["BUG-004: State reset on fulltime"],"fullName":"BUG-004: State reset on fulltime verified by build — setPreStep(1) and setTalkDone(false) in fulltime button","status":"passed","title":"verified by build — setPreStep(1) and setTalkDone(false) in fulltime button","duration":124.43091600000002,"failureMessages":[],"meta":{},"tags":[]},{"ancestorTitles":["BUG-005: No dead imports"],"fullName":"BUG-005: No dead imports build should succeed without generateCounterOffer import","status":"passed","title":"build should succeed without generateCounterOffer import","duration":108.41254200000003,"failureMessages":[],"meta":{},"tags":[]},{"ancestorTitles":["BUG-006: sellPlayer"],"fullName":"BUG-006: sellPlayer engine deve ter o método sellPlayer","status":"passed","title":"engine deve ter o método sellPlayer","duration":220.35704199999986,"failureMessages":[],"meta":{},"tags":[]},{"ancestorTitles":["BUG-006: sellPlayer"],"fullName":"BUG-006: sellPlayer deve vender jogador reserva com sucesso","status":"passed","title":"deve vender jogador reserva com sucesso","duration":69.81674999999996,"failureMessages":[],"meta":{},"tags":[]},{"ancestorTitles":["BUG-006: sellPlayer"],"fullName":"BUG-006: sellPlayer deve rejeitar venda de titular","status":"passed","title":"deve rejeitar venda de titular","duration":224.19787500000007,"failureMessages":[],"meta":{},"tags":[]},{"ancestorTitles":["BUG-006: sellPlayer"],"fullName":"BUG-006: sellPlayer deve rejeitar jogador inexistente","status":"passed","title":"deve rejeitar jogador inexistente","duration":112.99895800000013,"failureMessages":[],"meta":{},"tags":[]},{"ancestorTitles":["Training feedback — applyTraining returns improvements"],"fullName":"Training feedback — applyTraining returns improvements deve retornar array improvements","status":"passed","title":"deve retornar array improvements","duration":110.59795799999984,"failureMessages":[],"meta":{},"tags":[]},{"ancestorTitles":["Training feedback — applyTraining returns improvements"],"fullName":"Training feedback — applyTraining returns improvements improvements devem conter name e changes","status":"passed","title":"improvements devem conter name e changes","duration":211.65091600000005,"failureMessages":[],"meta":{},"tags":[]},{"ancestorTitles":["Training feedback — applyTraining returns improvements"],"fullName":"Training feedback — applyTraining returns improvements msg deve conter 📈 quando há melhorias","status":"passed","title":"msg deve conter 📈 quando há melhorias","duration":132.0032500000002,"failureMessages":[],"meta":{},"tags":[]}],"startTime":1778523650833,"endTime":1778523652827.0032,"status":"passed","message":"","name":"/Users/dudujarra/Documents/ELIFOOT/tests/engine.test.js"},{"assertionResults":[{"ancestorTitles":["BUG-003: SpeedRef pattern in MatchView"],"fullName":"BUG-003: SpeedRef pattern in MatchView deve usar speedRef ao invés de speed no setInterval","status":"passed","title":"deve usar speedRef ao invés de speed no setInterval","duration":3.8906670000000076,"failureMessages":[],"meta":{},"tags":[]},{"ancestorTitles":["BUG-003: SpeedRef pattern in MatchView"],"fullName":"BUG-003: SpeedRef pattern in MatchView deve sincronizar speedRef quando speed muda","status":"passed","title":"deve sincronizar speedRef quando speed muda","duration":0.2801249999999982,"failureMessages":[],"meta":{},"tags":[]},{"ancestorTitles":["BUG-003: SpeedRef pattern in MatchView"],"fullName":"BUG-003: SpeedRef pattern in MatchView deve ter tickerStateRef para restart","status":"passed","title":"deve ter tickerStateRef para restart","duration":0.12729199999998286,"failureMessages":[],"meta":{},"tags":[]},{"ancestorTitles":["BUG-004: Reset preStep/talkDone no fulltime"],"fullName":"BUG-004: Reset preStep/talkDone no fulltime botão dashboard deve resetar preStep","status":"passed","title":"botão dashboard deve resetar preStep","duration":0.13187500000000796,"failureMessages":[],"meta":{},"tags":[]},{"ancestorTitles":["BUG-004: Reset preStep/talkDone no fulltime"],"fullName":"BUG-004: Reset preStep/talkDone no fulltime botão dashboard deve resetar talkDone","status":"passed","title":"botão dashboard deve resetar talkDone","duration":0.11562499999999432,"failureMessages":[],"meta":{},"tags":[]},{"ancestorTitles":["BUG-004: Reset preStep/talkDone no fulltime"],"fullName":"BUG-004: Reset preStep/talkDone no fulltime reset deve estar na mesma linha do changeView(getDashboardView())","status":"passed","title":"reset deve estar na mesma linha do changeView(getDashboardView())","duration":0.2681249999999977,"failureMessages":[],"meta":{},"tags":[]},{"ancestorTitles":["BUG-005: No dead imports in MarketView"],"fullName":"BUG-005: No dead imports in MarketView não deve importar generateCounterOffer","status":"passed","title":"não deve importar generateCounterOffer","duration":0.1332920000000115,"failureMessages":[],"meta":{},"tags":[]},{"ancestorTitles":["BUG-006: MarketView deve usar engine.sellPlayer"],"fullName":"BUG-006: MarketView deve usar engine.sellPlayer deve chamar engine.sellPlayer para vender","status":"passed","title":"deve chamar engine.sellPlayer para vender","duration":0.09704200000001606,"failureMessages":[],"meta":{},"tags":[]},{"ancestorTitles":["BUG-006: MarketView deve usar engine.sellPlayer"],"fullName":"BUG-006: MarketView deve usar engine.sellPlayer não deve mutar team.squad diretamente","status":"passed","title":"não deve mutar team.squad diretamente","duration":0.102374999999995,"failureMessages":[],"meta":{},"tags":[]},{"ancestorTitles":["Engine methods completeness"],"fullName":"Engine methods completeness deve ter scoutRegionAction","status":"passed","title":"deve ter scoutRegionAction","duration":0.13241700000000378,"failureMessages":[],"meta":{},"tags":[]},{"ancestorTitles":["Engine methods completeness"],"fullName":"Engine methods completeness deve ter signScoutedPlayer","status":"passed","title":"deve ter signScoutedPlayer","duration":0.09333300000000122,"failureMessages":[],"meta":{},"tags":[]},{"ancestorTitles":["Engine methods completeness"],"fullName":"Engine methods completeness deve ter sellPlayer","status":"passed","title":"deve ter sellPlayer","duration":0.5567079999999862,"failureMessages":[],"meta":{},"tags":[]},{"ancestorTitles":["Engine methods completeness"],"fullName":"Engine methods completeness deve ter doScouting","status":"passed","title":"deve ter doScouting","duration":0.14070899999998687,"failureMessages":[],"meta":{},"tags":[]},{"ancestorTitles":["BUG-007: MarketView handleBuy não deve usar filter assignment"],"fullName":"BUG-007: MarketView handleBuy não deve usar filter assignment não deve reatribuir engine.marketPlayers via filter","status":"passed","title":"não deve reatribuir engine.marketPlayers via filter","duration":0.08470800000000622,"failureMessages":[],"meta":{},"tags":[]},{"ancestorTitles":["BUG-007: MarketView handleBuy não deve usar filter assignment"],"fullName":"BUG-007: MarketView handleBuy não deve usar filter assignment deve usar splice para remover do market","status":"passed","title":"deve usar splice para remover do market","duration":0.0530419999999765,"failureMessages":[],"meta":{},"tags":[]},{"ancestorTitles":["BUG-008: SquadView handleSell via engine"],"fullName":"BUG-008: SquadView handleSell via engine deve usar engine.sellPlayer","status":"passed","title":"deve usar engine.sellPlayer","duration":0.048082999999991216,"failureMessages":[],"meta":{},"tags":[]},{"ancestorTitles":["BUG-008: SquadView handleSell via engine"],"fullName":"BUG-008: SquadView handleSell via engine não deve mutar team.squad diretamente","status":"passed","title":"não deve mutar team.squad diretamente","duration":0.05812500000001819,"failureMessages":[],"meta":{},"tags":[]},{"ancestorTitles":["BUG-008: SquadView handleSell via engine"],"fullName":"BUG-008: SquadView handleSell via engine não deve mutar team.balance diretamente","status":"passed","title":"não deve mutar team.balance diretamente","duration":0.07695799999999053,"failureMessages":[],"meta":{},"tags":[]},{"ancestorTitles":["BUG-009: skipToEnd não duplica eventos"],"fullName":"BUG-009: skipToEnd não duplica eventos skipToEnd deve fazer merge ao invés de sobrescrever","status":"passed","title":"skipToEnd deve fazer merge ao invés de sobrescrever","duration":0.0488330000000019,"failureMessages":[],"meta":{},"tags":[]},{"ancestorTitles":["BUG-009: skipToEnd não duplica eventos"],"fullName":"BUG-009: skipToEnd não duplica eventos skipToEnd deve filtrar por startMin","status":"passed","title":"skipToEnd deve filtrar por startMin","duration":0.05791600000000585,"failureMessages":[],"meta":{},"tags":[]}],"startTime":1778523655223,"endTime":1778523655230.1406,"status":"passed","message":"","name":"/Users/dudujarra/Documents/ELIFOOT/tests/static-checks.test.js"},{"assertionResults":[{"ancestorTitles":["SPEC-050: Audio Soundtrack System"],"fullName":"SPEC-050: Audio Soundtrack System generation: 72+ tracks created (rule 1)","status":"passed","title":"generation: 72+ tracks created (rule 1)","duration":1.2051250000000095,"failureMessages":[],"meta":{},"tags":[]},{"ancestorTitles":["SPEC-050: Audio Soundtrack System"],"fullName":"SPEC-050: Audio Soundtrack System categories: context=4, preMatch=2, match=50, postMatch=9, narrative=6, admin=1 (rule 2)","status":"passed","title":"categories: context=4, preMatch=2, match=50, postMatch=9, narrative=6, admin=1 (rule 2)","duration":0.2911250000000223,"failureMessages":[],"meta":{},"tags":[]},{"ancestorTitles":["SPEC-050: Audio Soundtrack System"],"fullName":"SPEC-050: Audio Soundtrack System vertentes: distribution within bounds (rule 3)","status":"passed","title":"vertentes: distribution within bounds (rule 3)","duration":0.22479099999998198,"failureMessages":[],"meta":{},"tags":[]},{"ancestorTitles":["SPEC-050: Audio Soundtrack System"],"fullName":"SPEC-050: Audio Soundtrack System metadata: all tracks have required fields (rule 4)","status":"passed","title":"metadata: all tracks have required fields (rule 4)","duration":13.608417000000003,"failureMessages":[],"meta":{},"tags":[]},{"ancestorTitles":["SPEC-050: Audio Soundtrack System"],"fullName":"SPEC-050: Audio Soundtrack System midi: valid MIDI data generated (rule 5)","status":"passed","title":"midi: valid MIDI data generated (rule 5)","duration":0.3962500000000091,"failureMessages":[],"meta":{},"tags":[]},{"ancestorTitles":["SPEC-050: Audio Soundtrack System"],"fullName":"SPEC-050: Audio Soundtrack System metadata: all sunoPrompts valid (rule 6)","status":"passed","title":"metadata: all sunoPrompts valid (rule 6)","duration":8.927624999999978,"failureMessages":[],"meta":{},"tags":[]},{"ancestorTitles":["SPEC-050: Audio Soundtrack System"],"fullName":"SPEC-050: Audio Soundtrack System validation: no duplicate track IDs (rule 7)","status":"passed","title":"validation: no duplicate track IDs (rule 7)","duration":0.22216599999995879,"failureMessages":[],"meta":{},"tags":[]},{"ancestorTitles":["SPEC-050: Audio Soundtrack System"],"fullName":"SPEC-050: Audio Soundtrack System synthesis: vertentes have correct BPM ranges (rule 8)","status":"passed","title":"synthesis: vertentes have correct BPM ranges (rule 8)","duration":1.4669999999999845,"failureMessages":[],"meta":{},"tags":[]},{"ancestorTitles":["SPEC-050: Audio Soundtrack System"],"fullName":"SPEC-050: Audio Soundtrack System audio: durations within valid range (rule 9)","status":"passed","title":"audio: durations within valid range (rule 9)","duration":2.468166999999994,"failureMessages":[],"meta":{},"tags":[]},{"ancestorTitles":["SPEC-050: Audio Soundtrack System"],"fullName":"SPEC-050: Audio Soundtrack System manifest: category sum = track count (rule 10)","status":"passed","title":"manifest: category sum = track count (rule 10)","duration":0.17358300000000781,"failureMessages":[],"meta":{},"tags":[]},{"ancestorTitles":["SPEC-050: Audio Soundtrack System"],"fullName":"SPEC-050: Audio Soundtrack System forbidden: no generation failure (forbidden 1)","status":"passed","title":"forbidden: no generation failure (forbidden 1)","duration":0.07858299999998053,"failureMessages":[],"meta":{},"tags":[]},{"ancestorTitles":["SPEC-050: Audio Soundtrack System"],"fullName":"SPEC-050: Audio Soundtrack System forbidden: suno prompts include vertente name (forbidden 2)","status":"passed","title":"forbidden: suno prompts include vertente name (forbidden 2)","duration":4.444457999999997,"failureMessages":[],"meta":{},"tags":[]},{"ancestorTitles":["SPEC-050: Audio Soundtrack System"],"fullName":"SPEC-050: Audio Soundtrack System batch: SunoPromptGenerator generates all prompts","status":"passed","title":"batch: SunoPromptGenerator generates all prompts","duration":0.42429099999998243,"failureMessages":[],"meta":{},"tags":[]},{"ancestorTitles":["SPEC-050: Audio Soundtrack System"],"fullName":"SPEC-050: Audio Soundtrack System context: context tracks have fixed vertentes","status":"passed","title":"context: context tracks have fixed vertentes","duration":0.8594580000000178,"failureMessages":[],"meta":{},"tags":[]},{"ancestorTitles":["SPEC-050: Audio Soundtrack System"],"fullName":"SPEC-050: Audio Soundtrack System match: match tracks have momentum personalization","status":"passed","title":"match: match tracks have momentum personalization","duration":1.753167000000019,"failureMessages":[],"meta":{},"tags":[]},{"ancestorTitles":["SPEC-050: Audio Soundtrack System"],"fullName":"SPEC-050: Audio Soundtrack System narrative: all 6 narrative moments present","status":"passed","title":"narrative: all 6 narrative moments present","duration":0.3372919999999908,"failureMessages":[],"meta":{},"tags":[]}],"startTime":1778523653553,"endTime":1778523653590.3374,"status":"passed","message":"","name":"/Users/dudujarra/Documents/ELIFOOT/tests/audio/audio-generator.test.js"},{"assertionResults":[{"ancestorTitles":["Engine Golden Master (5 seasons, seed=42)"],"fullName":"Engine Golden Master (5 seasons, seed=42) 5-season simulation snapshot is deterministic","status":"passed","title":"5-season simulation snapshot is deterministic","duration":5178.676667,"failureMessages":[],"meta":{},"tags":[]},{"ancestorTitles":["Engine Golden Master (5 seasons, seed=42)"],"fullName":"Engine Golden Master (5 seasons, seed=42) determinism: same seed produces identical key state across instances","status":"failed","title":"determinism: same seed produces identical key state across instances","duration":1904.1165410000003,"failureMessages":["AssertionError: expected 111410884 to be less than 50000000\n    at /Users/dudujarra/Documents/ELIFOOT/tests/characterization/engine-golden.test.js:103:27\n    at file:///Users/dudujarra/Documents/ELIFOOT/node_modules/@vitest/runner/dist/chunk-artifact.js:302:11\n    at file:///Users/dudujarra/Documents/ELIFOOT/node_modules/@vitest/runner/dist/chunk-artifact.js:1903:26\n    at file:///Users/dudujarra/Documents/ELIFOOT/node_modules/@vitest/runner/dist/chunk-artifact.js:2326:20\n    at new Promise (<anonymous>)\n    at runWithCancel (file:///Users/dudujarra/Documents/ELIFOOT/node_modules/@vitest/runner/dist/chunk-artifact.js:2323:10)\n    at file:///Users/dudujarra/Documents/ELIFOOT/node_modules/@vitest/runner/dist/chunk-artifact.js:2305:20\n    at new Promise (<anonymous>)\n    at runWithTimeout (file:///Users/dudujarra/Documents/ELIFOOT/node_modules/@vitest/runner/dist/chunk-artifact.js:2272:10)\n    at file:///Users/dudujarra/Documents/ELIFOOT/node_modules/@vitest/runner/dist/chunk-artifact.js:2955:64"],"meta":{},"tags":[]},{"ancestorTitles":["Engine Golden Master (5 seasons, seed=42)"],"fullName":"Engine Golden Master (5 seasons, seed=42) initGame produces deterministic team count","status":"passed","title":"initGame produces deterministic team count","duration":67.59483400000045,"failureMessages":[],"meta":{},"tags":[]},{"ancestorTitles":["Engine Golden Master (5 seasons, seed=42)"],"fullName":"Engine Golden Master (5 seasons, seed=42) 40-week simulation completes without throwing","status":"passed","title":"40-week simulation completes without throwing","duration":588.1157080000003,"failureMessages":[],"meta":{},"tags":[]}],"startTime":1778523650833,"endTime":1778523658572.1157,"status":"failed","message":"","name":"/Users/dudujarra/Documents/ELIFOOT/tests/characterization/engine-golden.test.js"},{"assertionResults":[{"ancestorTitles":["Save round-trip preservation (RFCT-002)"],"fullName":"Save round-trip preservation (RFCT-002) baseline fixture matches expected shape","status":"passed","title":"baseline fixture matches expected shape","duration":590.512667,"failureMessages":[],"meta":{},"tags":[]},{"ancestorTitles":["Save round-trip preservation (RFCT-002)"],"fullName":"Save round-trip preservation (RFCT-002) engine state survives JSON round-trip","status":"passed","title":"engine state survives JSON round-trip","duration":973.3795830000001,"failureMessages":[],"meta":{},"tags":[]},{"ancestorTitles":["Save round-trip preservation (RFCT-002)"],"fullName":"Save round-trip preservation (RFCT-002) BUG-021: Tournament prototypes restored after round-trip","status":"passed","title":"BUG-021: Tournament prototypes restored after round-trip","duration":683.7861250000001,"failureMessages":[],"meta":{},"tags":[]},{"ancestorTitles":["Save round-trip preservation (RFCT-002)"],"fullName":"Save round-trip preservation (RFCT-002) Tournament classes preserved via __class tag","status":"passed","title":"Tournament classes preserved via __class tag","duration":197.87445800000023,"failureMessages":[],"meta":{},"tags":[]},{"ancestorTitles":["Save round-trip preservation (RFCT-002)"],"fullName":"Save round-trip preservation (RFCT-002) class instance fields skipped (staff/board/legacy)","status":"passed","title":"class instance fields skipped (staff/board/legacy)","duration":126.107708,"failureMessages":[],"meta":{},"tags":[]},{"ancestorTitles":["Save round-trip preservation (RFCT-002)"],"fullName":"Save round-trip preservation (RFCT-002) round-trip preserves teams structure (deep)","status":"passed","title":"round-trip preserves teams structure (deep)","duration":299.5340420000002,"failureMessages":[],"meta":{},"tags":[]}],"startTime":1778523650833,"endTime":1778523653704.534,"status":"passed","message":"","name":"/Users/dudujarra/Documents/ELIFOOT/tests/characterization/save-roundtrip.test.js"},{"assertionResults":[{"ancestorTitles":["§23 GDD Automated Design Checklist","Player Fantasy & Framework"],"fullName":"§23 GDD Automated Design Checklist Player Fantasy & Framework §1.3 Bartle types — Achiever systems exist","status":"passed","title":"§1.3 Bartle types — Achiever systems exist","duration":1.3291249999999764,"failureMessages":[],"meta":{},"tags":[]},{"ancestorTitles":["§23 GDD Automated Design Checklist","Player Fantasy & Framework"],"fullName":"§23 GDD Automated Design Checklist Player Fantasy & Framework §1.2 DDA — DifficultyModes exist","status":"passed","title":"§1.2 DDA — DifficultyModes exist","duration":0.15945799999997234,"failureMessages":[],"meta":{},"tags":[]},{"ancestorTitles":["§23 GDD Automated Design Checklist","Player Fantasy & Framework"],"fullName":"§23 GDD Automated Design Checklist Player Fantasy & Framework §12.4 Octalysis — at least 2 drives per challenge mode","status":"passed","title":"§12.4 Octalysis — at least 2 drives per challenge mode","duration":0.2712089999999989,"failureMessages":[],"meta":{},"tags":[]},{"ancestorTitles":["§23 GDD Automated Design Checklist","Engine Integrity"],"fullName":"§23 GDD Automated Design Checklist Engine Integrity §6.1 seeded PRNG — rng.js exists, no Math.random in engine","status":"passed","title":"§6.1 seeded PRNG — rng.js exists, no Math.random in engine","duration":2.742750000000001,"failureMessages":[],"meta":{},"tags":[]},{"ancestorTitles":["§23 GDD Automated Design Checklist","Engine Integrity"],"fullName":"§23 GDD Automated Design Checklist Engine Integrity §10 architecture — engine has zero DOM imports","status":"passed","title":"§10 architecture — engine has zero DOM imports","duration":13.35408300000006,"failureMessages":[],"meta":{},"tags":[]},{"ancestorTitles":["§23 GDD Automated Design Checklist","Gameplay Completeness"],"fullName":"§23 GDD Automated Design Checklist Gameplay Completeness §16.2 ceremonies — TrophyCeremony component exists","status":"passed","title":"§16.2 ceremonies — TrophyCeremony component exists","duration":0.21012499999994816,"failureMessages":[],"meta":{},"tags":[]},{"ancestorTitles":["§23 GDD Automated Design Checklist","Gameplay Completeness"],"fullName":"§23 GDD Automated Design Checklist Gameplay Completeness §19.1 progressive disclosure — ViewUnlockSystem has conditions","status":"passed","title":"§19.1 progressive disclosure — ViewUnlockSystem has conditions","duration":0.1336669999999458,"failureMessages":[],"meta":{},"tags":[]},{"ancestorTitles":["§23 GDD Automated Design Checklist","Gameplay Completeness"],"fullName":"§23 GDD Automated Design Checklist Gameplay Completeness §14.2 challenge modes — at least 5 pre-set modes","status":"passed","title":"§14.2 challenge modes — at least 5 pre-set modes","duration":0.08483300000000327,"failureMessages":[],"meta":{},"tags":[]},{"ancestorTitles":["§23 GDD Automated Design Checklist","Gameplay Completeness"],"fullName":"§23 GDD Automated Design Checklist Gameplay Completeness §12.1 core loop speed — formations + tactics + training exist","status":"passed","title":"§12.1 core loop speed — formations + tactics + training exist","duration":0.19908300000008694,"failureMessages":[],"meta":{},"tags":[]},{"ancestorTitles":["§23 GDD Automated Design Checklist","Gameplay Completeness"],"fullName":"§23 GDD Automated Design Checklist Gameplay Completeness §20.3 interrupt events — InterruptEvents.js exists","status":"passed","title":"§20.3 interrupt events — InterruptEvents.js exists","duration":0.15008399999999256,"failureMessages":[],"meta":{},"tags":[]},{"ancestorTitles":["§23 GDD Automated Design Checklist","Gameplay Completeness"],"fullName":"§23 GDD Automated Design Checklist Gameplay Completeness §22.5 season awards — engine has seasonAwards capability","status":"passed","title":"§22.5 season awards — engine has seasonAwards capability","duration":0.4987499999999727,"failureMessages":[],"meta":{},"tags":[]},{"ancestorTitles":["§23 GDD Automated Design Checklist","Gameplay Completeness"],"fullName":"§23 GDD Automated Design Checklist Gameplay Completeness §22.7 accessibility — prefers-reduced-motion in CSS","status":"passed","title":"§22.7 accessibility — prefers-reduced-motion in CSS","duration":1.949583999999959,"failureMessages":[],"meta":{},"tags":[]},{"ancestorTitles":["§23 GDD Automated Design Checklist","Gameplay Completeness"],"fullName":"§23 GDD Automated Design Checklist Gameplay Completeness §8 narrative — ChronicleSystem + NarrativeService exist","status":"passed","title":"§8 narrative — ChronicleSystem + NarrativeService exist","duration":0.1840829999999869,"failureMessages":[],"meta":{},"tags":[]}],"startTime":1778523653426,"endTime":1778523653448.184,"status":"passed","message":"","name":"/Users/dudujarra/Documents/ELIFOOT/tests/design/gdd-checklist.test.js"},{"assertionResults":[{"ancestorTitles":["AutoPlay Full Feature Audit — 5 Season Smoke","1. ML/Brain Q-Learning"],"fullName":"AutoPlay Full Feature Audit — 5 Season Smoke 1. ML/Brain Q-Learning brain exists and has personality","status":"passed","title":"brain exists and has personality","duration":1.3630419999999503,"failureMessages":[],"meta":{},"tags":[]},{"ancestorTitles":["AutoPlay Full Feature Audit — 5 Season Smoke","1. ML/Brain Q-Learning"],"fullName":"AutoPlay Full Feature Audit — 5 Season Smoke 1. ML/Brain Q-Learning brain made Q-table updates (learning)","status":"passed","title":"brain made Q-table updates (learning)","duration":0.18337500000052387,"failureMessages":[],"meta":{},"tags":[]},{"ancestorTitles":["AutoPlay Full Feature Audit — 5 Season Smoke","1. ML/Brain Q-Learning"],"fullName":"AutoPlay Full Feature Audit — 5 Season Smoke 1. ML/Brain Q-Learning Q-table has multiple states (not collapsed)","status":"passed","title":"Q-table has multiple states (not collapsed)","duration":0.1562080000003334,"failureMessages":[],"meta":{},"tags":[]},{"ancestorTitles":["AutoPlay Full Feature Audit — 5 Season Smoke","1. ML/Brain Q-Learning"],"fullName":"AutoPlay Full Feature Audit — 5 Season Smoke 1. ML/Brain Q-Learning brain has emotional engine attached","status":"passed","title":"brain has emotional engine attached","duration":0.150749999999789,"failureMessages":[],"meta":{},"tags":[]},{"ancestorTitles":["AutoPlay Full Feature Audit — 5 Season Smoke","1. ML/Brain Q-Learning"],"fullName":"AutoPlay Full Feature Audit — 5 Season Smoke 1. ML/Brain Q-Learning brain has episodic memory entries","status":"passed","title":"brain has episodic memory entries","duration":0.13120799999978772,"failureMessages":[],"meta":{},"tags":[]},{"ancestorTitles":["AutoPlay Full Feature Audit — 5 Season Smoke","2. Mercado & Transfers"],"fullName":"AutoPlay Full Feature Audit — 5 Season Smoke 2. Mercado & Transfers BUY_OFFER decisions were made (bot scouts and buys)","status":"passed","title":"BUY_OFFER decisions were made (bot scouts and buys)","duration":0.14708400000017718,"failureMessages":[],"meta":{},"tags":[]},{"ancestorTitles":["AutoPlay Full Feature Audit — 5 Season Smoke","2. Mercado & Transfers"],"fullName":"AutoPlay Full Feature Audit — 5 Season Smoke 2. Mercado & Transfers MARKET_INQUIRY decisions were made (valuation probes)","status":"passed","title":"MARKET_INQUIRY decisions were made (valuation probes)","duration":0.1332910000000993,"failureMessages":[],"meta":{},"tags":[]},{"ancestorTitles":["AutoPlay Full Feature Audit — 5 Season Smoke","3. Tática & Formação"],"fullName":"AutoPlay Full Feature Audit — 5 Season Smoke 3. Tática & Formação TACTIC_CHANGE decisions exist (BUG-RC3 observability fix)","status":"passed","title":"TACTIC_CHANGE decisions exist (BUG-RC3 observability fix)","duration":0.13008300000001327,"failureMessages":[],"meta":{},"tags":[]},{"ancestorTitles":["AutoPlay Full Feature Audit — 5 Season Smoke","3. Tática & Formação"],"fullName":"AutoPlay Full Feature Audit — 5 Season Smoke 3. Tática & Formação tactic changes log source (brain vs heuristic)","status":"passed","title":"tactic changes log source (brain vs heuristic)","duration":0.3118749999994179,"failureMessages":[],"meta":{},"tags":[]},{"ancestorTitles":["AutoPlay Full Feature Audit — 5 Season Smoke","3. Tática & Formação"],"fullName":"AutoPlay Full Feature Audit — 5 Season Smoke 3. Tática & Formação FORMATION decisions were made (periodic rotation)","status":"passed","title":"FORMATION decisions were made (periodic rotation)","duration":0.16945900000064285,"failureMessages":[],"meta":{},"tags":[]},{"ancestorTitles":["AutoPlay Full Feature Audit — 5 Season Smoke","4. Treinamento"],"fullName":"AutoPlay Full Feature Audit — 5 Season Smoke 4. Treinamento TRAIN decisions were logged","status":"passed","title":"TRAIN decisions were logged","duration":0.12795900000037363,"failureMessages":[],"meta":{},"tags":[]},{"ancestorTitles":["AutoPlay Full Feature Audit — 5 Season Smoke","4. Treinamento"],"fullName":"AutoPlay Full Feature Audit — 5 Season Smoke 4. Treinamento training uses ML brain picking (picked field)","status":"passed","title":"training uses ML brain picking (picked field)","duration":0.22049999999944703,"failureMessages":[],"meta":{},"tags":[]},{"ancestorTitles":["AutoPlay Full Feature Audit — 5 Season Smoke","4. Treinamento"],"fullName":"AutoPlay Full Feature Audit — 5 Season Smoke 4. Treinamento training is throttled (not every week — BUG-029 fix)","status":"passed","title":"training is throttled (not every week — BUG-029 fix)","duration":0.11991699999998673,"failureMessages":[],"meta":{},"tags":[]},{"ancestorTitles":["AutoPlay Full Feature Audit — 5 Season Smoke","5. Finanças"],"fullName":"AutoPlay Full Feature Audit — 5 Season Smoke 5. Finanças peak/lowest balance tracked","status":"passed","title":"peak/lowest balance tracked","duration":0.32983299999978044,"failureMessages":[],"meta":{},"tags":[]},{"ancestorTitles":["AutoPlay Full Feature Audit — 5 Season Smoke","6. Squad Management"],"fullName":"AutoPlay Full Feature Audit — 5 Season Smoke 6. Squad Management RENEW_CONTRACT system works","status":"passed","title":"RENEW_CONTRACT system works","duration":0.19258300000001327,"failureMessages":[],"meta":{},"tags":[]},{"ancestorTitles":["AutoPlay Full Feature Audit — 5 Season Smoke","7. Narrativa & Eventos"],"fullName":"AutoPlay Full Feature Audit — 5 Season Smoke 7. Narrativa & Eventos NARRATIVE_EVENT fired (weekEvents processing)","status":"passed","title":"NARRATIVE_EVENT fired (weekEvents processing)","duration":0.12329099999988102,"failureMessages":[],"meta":{},"tags":[]},{"ancestorTitles":["AutoPlay Full Feature Audit — 5 Season Smoke","7. Narrativa & Eventos"],"fullName":"AutoPlay Full Feature Audit — 5 Season Smoke 7. Narrativa & Eventos TEAM_TALK fired","status":"passed","title":"TEAM_TALK fired","duration":0.13000000000010914,"failureMessages":[],"meta":{},"tags":[]},{"ancestorTitles":["AutoPlay Full Feature Audit — 5 Season Smoke","7. Narrativa & Eventos"],"fullName":"AutoPlay Full Feature Audit — 5 Season Smoke 7. Narrativa & Eventos SCARCITY_WINDOW (transfer deadline) detected","status":"passed","title":"SCARCITY_WINDOW (transfer deadline) detected","duration":0.10208299999976589,"failureMessages":[],"meta":{},"tags":[]},{"ancestorTitles":["AutoPlay Full Feature Audit — 5 Season Smoke","8. Observabilidade"],"fullName":"AutoPlay Full Feature Audit — 5 Season Smoke 8. Observabilidade seasonHistory exists and has enriched data","status":"passed","title":"seasonHistory exists and has enriched data","duration":0.29012500000044383,"failureMessages":[],"meta":{},"tags":[]},{"ancestorTitles":["AutoPlay Full Feature Audit — 5 Season Smoke","8. Observabilidade"],"fullName":"AutoPlay Full Feature Audit — 5 Season Smoke 8. Observabilidade decision buffer is NOT saturated by routine events (BUG-RC2 fix)","status":"passed","title":"decision buffer is NOT saturated by routine events (BUG-RC2 fix)","duration":0.11445900000035181,"failureMessages":[],"meta":{},"tags":[]},{"ancestorTitles":["AutoPlay Full Feature Audit — 5 Season Smoke","8. Observabilidade"],"fullName":"AutoPlay Full Feature Audit — 5 Season Smoke 8. Observabilidade strategic decisions are preserved in buffer","status":"passed","title":"strategic decisions are preserved in buffer","duration":0.11904099999992468,"failureMessages":[],"meta":{},"tags":[]},{"ancestorTitles":["AutoPlay Full Feature Audit — 5 Season Smoke","8. Observabilidade"],"fullName":"AutoPlay Full Feature Audit — 5 Season Smoke 8. Observabilidade decisions include season number (BUG-RC2 fix)","status":"passed","title":"decisions include season number (BUG-RC2 fix)","duration":0.09145799999987503,"failureMessages":[],"meta":{},"tags":[]},{"ancestorTitles":["AutoPlay Full Feature Audit — 5 Season Smoke","9. Paridade Humana"],"fullName":"AutoPlay Full Feature Audit — 5 Season Smoke 9. Paridade Humana bot exercises at least 7 out of 9 human actions in 5 seasons","status":"passed","title":"bot exercises at least 7 out of 9 human actions in 5 seasons","duration":1.6990000000005239,"failureMessages":[],"meta":{},"tags":[]},{"ancestorTitles":["AutoPlay Full Feature Audit — 5 Season Smoke","9. Paridade Humana"],"fullName":"AutoPlay Full Feature Audit — 5 Season Smoke 9. Paridade Humana bot has win/draw/loss distribution (realistic match outcomes)","status":"passed","title":"bot has win/draw/loss distribution (realistic match outcomes)","duration":0.42224999999962165,"failureMessages":[],"meta":{},"tags":[]},{"ancestorTitles":["AutoPlay Full Feature Audit — 5 Season Smoke","9. Paridade Humana"],"fullName":"AutoPlay Full Feature Audit — 5 Season Smoke 9. Paridade Humana bot completed 5 full seasons","status":"passed","title":"bot completed 5 full seasons","duration":0.14470800000071904,"failureMessages":[],"meta":{},"tags":[]},{"ancestorTitles":["AutoPlay Full Feature Audit — 5 Season Smoke","9. Paridade Humana"],"fullName":"AutoPlay Full Feature Audit — 5 Season Smoke 9. Paridade Humana [SUMMARY] print full audit report","status":"passed","title":"[SUMMARY] print full audit report","duration":0.8026249999993524,"failureMessages":[],"meta":{},"tags":[]}],"startTime":1778523656706,"endTime":1778523656714.8027,"status":"passed","message":"","name":"/Users/dudujarra/Documents/ELIFOOT/tests/integration/autoplay-full-audit.test.js"},{"assertionResults":[{"ancestorTitles":["AutoPlay GDD Parity Proof — 3 Season Smoke"],"fullName":"AutoPlay GDD Parity Proof — 3 Season Smoke ran 3+ seasons","status":"passed","title":"ran 3+ seasons","duration":1.2478750000000218,"failureMessages":[],"meta":{},"tags":[]},{"ancestorTitles":["AutoPlay GDD Parity Proof — 3 Season Smoke"],"fullName":"AutoPlay GDD Parity Proof — 3 Season Smoke zero crashes","status":"passed","title":"zero crashes","duration":0.17670900000030088,"failureMessages":[],"meta":{},"tags":[]},{"ancestorTitles":["AutoPlay GDD Parity Proof — 3 Season Smoke"],"fullName":"AutoPlay GDD Parity Proof — 3 Season Smoke decisions were logged (not empty)","status":"passed","title":"decisions were logged (not empty)","duration":0.108791999999994,"failureMessages":[],"meta":{},"tags":[]},{"ancestorTitles":["AutoPlay GDD Parity Proof — 3 Season Smoke"],"fullName":"AutoPlay GDD Parity Proof — 3 Season Smoke §12.4 #6: SCARCITY_WINDOW fired (transfer deadlines)","status":"passed","title":"§12.4 #6: SCARCITY_WINDOW fired (transfer deadlines)","duration":0.12437499999941792,"failureMessages":[],"meta":{},"tags":[]},{"ancestorTitles":["AutoPlay GDD Parity Proof — 3 Season Smoke"],"fullName":"AutoPlay GDD Parity Proof — 3 Season Smoke §17: NARRATIVE_EVENTS fired (weekEvents)","status":"passed","title":"§17: NARRATIVE_EVENTS fired (weekEvents)","duration":0.10816599999998289,"failureMessages":[],"meta":{},"tags":[]},{"ancestorTitles":["AutoPlay GDD Parity Proof — 3 Season Smoke"],"fullName":"AutoPlay GDD Parity Proof — 3 Season Smoke §17: TEAM_TALK fired","status":"passed","title":"§17: TEAM_TALK fired","duration":0.1055000000005748,"failureMessages":[],"meta":{},"tags":[]},{"ancestorTitles":["AutoPlay GDD Parity Proof — 3 Season Smoke"],"fullName":"AutoPlay GDD Parity Proof — 3 Season Smoke §17: Session metrics tracked actions","status":"passed","title":"§17: Session metrics tracked actions","duration":0.15441699999973935,"failureMessages":[],"meta":{},"tags":[]},{"ancestorTitles":["AutoPlay GDD Parity Proof — 3 Season Smoke"],"fullName":"AutoPlay GDD Parity Proof — 3 Season Smoke §12.4 #8: DREAD or SUBSTITUTION system fired","status":"passed","title":"§12.4 #8: DREAD or SUBSTITUTION system fired","duration":0.09475000000020373,"failureMessages":[],"meta":{},"tags":[]},{"ancestorTitles":["AutoPlay GDD Parity Proof — 3 Season Smoke"],"fullName":"AutoPlay GDD Parity Proof — 3 Season Smoke §15.3: CONTRACT_RENEWAL detected","status":"passed","title":"§15.3: CONTRACT_RENEWAL detected","duration":0.09825000000000728,"failureMessages":[],"meta":{},"tags":[]},{"ancestorTitles":["AutoPlay GDD Parity Proof — 3 Season Smoke"],"fullName":"AutoPlay GDD Parity Proof — 3 Season Smoke training decisions made","status":"passed","title":"training decisions made","duration":0.11720799999966403,"failureMessages":[],"meta":{},"tags":[]},{"ancestorTitles":["AutoPlay GDD Parity Proof — 3 Season Smoke"],"fullName":"AutoPlay GDD Parity Proof — 3 Season Smoke formation/tactic decisions made","status":"passed","title":"formation/tactic decisions made","duration":0.1336249999994834,"failureMessages":[],"meta":{},"tags":[]},{"ancestorTitles":["AutoPlay GDD Parity Proof — 3 Season Smoke"],"fullName":"AutoPlay GDD Parity Proof — 3 Season Smoke [SUMMARY] print all decision counts for audit","status":"passed","title":"[SUMMARY] print all decision counts for audit","duration":1.6359160000001793,"failureMessages":[],"meta":{},"tags":[]}],"startTime":1778523655135,"endTime":1778523655138.636,"status":"passed","message":"","name":"/Users/dudujarra/Documents/ELIFOOT/tests/integration/autoplay-gdd-proof.test.js"},{"assertionResults":[{"ancestorTitles":["Deep Soak Test — 20 seasons ML convergence"],"fullName":"Deep Soak Test — 20 seasons ML convergence zero crashes over 20 seasons","status":"passed","title":"zero crashes over 20 seasons","duration":0.9785830000000715,"failureMessages":[],"meta":{},"tags":[]},{"ancestorTitles":["Deep Soak Test — 20 seasons ML convergence"],"fullName":"Deep Soak Test — 20 seasons ML convergence Q-values bounded ±50 (no runaway)","status":"passed","title":"Q-values bounded ±50 (no runaway)","duration":0.32075000000077125,"failureMessages":[],"meta":{},"tags":[]},{"ancestorTitles":["Deep Soak Test — 20 seasons ML convergence"],"fullName":"Deep Soak Test — 20 seasons ML convergence replay buffer bounded ≤200","status":"passed","title":"replay buffer bounded ≤200","duration":0.32687500000065484,"failureMessages":[],"meta":{},"tags":[]},{"ancestorTitles":["Deep Soak Test — 20 seasons ML convergence"],"fullName":"Deep Soak Test — 20 seasons ML convergence alpha decayed after 20 seasons","status":"passed","title":"alpha decayed after 20 seasons","duration":0.1760839999988093,"failureMessages":[],"meta":{},"tags":[]},{"ancestorTitles":["Deep Soak Test — 20 seasons ML convergence"],"fullName":"Deep Soak Test — 20 seasons ML convergence decision buffers bounded (no memory leak)","status":"passed","title":"decision buffers bounded (no memory leak)","duration":0.13304100000095787,"failureMessages":[],"meta":{},"tags":[]},{"ancestorTitles":["Deep Soak Test — 20 seasons ML convergence"],"fullName":"Deep Soak Test — 20 seasons ML convergence season history complete and enriched","status":"passed","title":"season history complete and enriched","duration":0.2963340000005701,"failureMessages":[],"meta":{},"tags":[]},{"ancestorTitles":["Deep Soak Test — 20 seasons ML convergence"],"fullName":"Deep Soak Test — 20 seasons ML convergence brain summary has convergence metrics","status":"passed","title":"brain summary has convergence metrics","duration":0.29829199999949196,"failureMessages":[],"meta":{},"tags":[]},{"ancestorTitles":["Deep Soak Test — 20 seasons ML convergence"],"fullName":"Deep Soak Test — 20 seasons ML convergence emotional engine stable","status":"passed","title":"emotional engine stable","duration":0.09808299999895098,"failureMessages":[],"meta":{},"tags":[]},{"ancestorTitles":["Deep Soak Test — 20 seasons ML convergence"],"fullName":"Deep Soak Test — 20 seasons ML convergence win rate reasonable (not stuck at 0% or 100%)","status":"passed","title":"win rate reasonable (not stuck at 0% or 100%)","duration":0.11054100000001199,"failureMessages":[],"meta":{},"tags":[]}],"startTime":1778523662182,"endTime":1778523662185.2983,"status":"passed","message":"","name":"/Users/dudujarra/Documents/ELIFOOT/tests/integration/deep-soak-20seasons.test.js"},{"assertionResults":[{"ancestorTitles":["MARL E2E Integration","Fase 1: OCEAN Personality System"],"fullName":"MARL E2E Integration Fase 1: OCEAN Personality System all 8 archetypes exist and have valid OCEAN","status":"passed","title":"all 8 archetypes exist and have valid OCEAN","duration":69.48566699999992,"failureMessages":[],"meta":{},"tags":[]},{"ancestorTitles":["MARL E2E Integration","Fase 1: OCEAN Personality System"],"fullName":"MARL E2E Integration Fase 1: OCEAN Personality System generatePersonality produces unique outputs","status":"passed","title":"generatePersonality produces unique outputs","duration":58.27983299999994,"failureMessages":[],"meta":{},"tags":[]},{"ancestorTitles":["MARL E2E Integration","Fase 1: OCEAN Personality System"],"fullName":"MARL E2E Integration Fase 1: OCEAN Personality System suggestArchetypeForClub returns valid archetype","status":"passed","title":"suggestArchetypeForClub returns valid archetype","duration":72.11087499999996,"failureMessages":[],"meta":{},"tags":[]},{"ancestorTitles":["MARL E2E Integration","Fase 1: OCEAN Personality System"],"fullName":"MARL E2E Integration Fase 1: OCEAN Personality System checkIsTilted responds to stress correctly","status":"passed","title":"checkIsTilted responds to stress correctly","duration":58.666624999999954,"failureMessages":[],"meta":{},"tags":[]},{"ancestorTitles":["MARL E2E Integration","Fase 2: Emotional State Machine"],"fullName":"MARL E2E Integration Fase 2: Emotional State Machine EmotionalEngine initializes in CALM","status":"passed","title":"EmotionalEngine initializes in CALM","duration":57.910082999999986,"failureMessages":[],"meta":{},"tags":[]},{"ancestorTitles":["MARL E2E Integration","Fase 2: Emotional State Machine"],"fullName":"MARL E2E Integration Fase 2: Emotional State Machine processes events and transitions","status":"passed","title":"processes events and transitions","duration":84.32387500000004,"failureMessages":[],"meta":{},"tags":[]},{"ancestorTitles":["MARL E2E Integration","Fase 2: Emotional State Machine"],"fullName":"MARL E2E Integration Fase 2: Emotional State Machine getModifiers returns valid numbers","status":"passed","title":"getModifiers returns valid numbers","duration":77.41333399999985,"failureMessages":[],"meta":{},"tags":[]},{"ancestorTitles":["MARL E2E Integration","Fase 2: Emotional State Machine"],"fullName":"MARL E2E Integration Fase 2: Emotional State Machine serializes and restores correctly","status":"passed","title":"serializes and restores correctly","duration":126.04441599999996,"failureMessages":[],"meta":{},"tags":[]},{"ancestorTitles":["MARL E2E Integration","Fase 2: Emotional State Machine"],"fullName":"MARL E2E Integration Fase 2: Emotional State Machine summary returns flat data (no React crash)","status":"passed","title":"summary returns flat data (no React crash)","duration":158.15595800000006,"failureMessages":[],"meta":{},"tags":[]},{"ancestorTitles":["MARL E2E Integration","Fase 3: Prospect Theory Reward Shaping"],"fullName":"MARL E2E Integration Fase 3: Prospect Theory Reward Shaping losses hurt more than equivalent wins feel good","status":"passed","title":"losses hurt more than equivalent wins feel good","duration":144.40933299999983,"failureMessages":[],"meta":{},"tags":[]},{"ancestorTitles":["MARL E2E Integration","Fase 3: Prospect Theory Reward Shaping"],"fullName":"MARL E2E Integration Fase 3: Prospect Theory Reward Shaping emotionalLossMod amplifies loss pain","status":"passed","title":"emotionalLossMod amplifies loss pain","duration":215.82000000000016,"failureMessages":[],"meta":{},"tags":[]},{"ancestorTitles":["MARL E2E Integration","Fase 3: Prospect Theory Reward Shaping"],"fullName":"MARL E2E Integration Fase 3: Prospect Theory Reward Shaping relegation with emotional mod is devastating","status":"passed","title":"relegation with emotional mod is devastating","duration":160.23170800000003,"failureMessages":[],"meta":{},"tags":[]},{"ancestorTitles":["MARL E2E Integration","Fase 4: Engine Integration"],"fullName":"MARL E2E Integration Fase 4: Engine Integration AdaptiveBrain constructor works with archetype string","status":"passed","title":"AdaptiveBrain constructor works with archetype string","duration":151.69100000000003,"failureMessages":[],"meta":{},"tags":[]},{"ancestorTitles":["MARL E2E Integration","Fase 4: Engine Integration"],"fullName":"MARL E2E Integration Fase 4: Engine Integration brain.pickAction returns valid action","status":"passed","title":"brain.pickAction returns valid action","duration":157.76066699999956,"failureMessages":[],"meta":{},"tags":[]},{"ancestorTitles":["MARL E2E Integration","Fase 4: Engine Integration"],"fullName":"MARL E2E Integration Fase 4: Engine Integration brain.processMatchResult does not throw","status":"passed","title":"brain.processMatchResult does not throw","duration":146.9340000000002,"failureMessages":[],"meta":{},"tags":[]},{"ancestorTitles":["MARL E2E Integration","Fase 4: Engine Integration"],"fullName":"MARL E2E Integration Fase 4: Engine Integration brain.processSeasonEvent does not throw","status":"passed","title":"brain.processSeasonEvent does not throw","duration":136.61858400000028,"failureMessages":[],"meta":{},"tags":[]},{"ancestorTitles":["MARL E2E Integration","Fase 4: Engine Integration"],"fullName":"MARL E2E Integration Fase 4: Engine Integration encodeState produces compact string","status":"passed","title":"encodeState produces compact string","duration":167.29741599999988,"failureMessages":[],"meta":{},"tags":[]},{"ancestorTitles":["MARL E2E Integration","Fase 5: Cognitive Biases"],"fullName":"MARL E2E Integration Fase 5: Cognitive Biases applySunkCost creates floor above current value if purchase was high","status":"passed","title":"applySunkCost creates floor above current value if purchase was high","duration":88.92058399999996,"failureMessages":[],"meta":{},"tags":[]},{"ancestorTitles":["MARL E2E Integration","Fase 5: Cognitive Biases"],"fullName":"MARL E2E Integration Fase 5: Cognitive Biases applyEndowment inflates own player value","status":"passed","title":"applyEndowment inflates own player value","duration":156.76916699999992,"failureMessages":[],"meta":{},"tags":[]},{"ancestorTitles":["MARL E2E Integration","Fase 5: Cognitive Biases"],"fullName":"MARL E2E Integration Fase 5: Cognitive Biases applyHerdBehavior returns 1.0 with no transfers","status":"passed","title":"applyHerdBehavior returns 1.0 with no transfers","duration":95.92983300000014,"failureMessages":[],"meta":{},"tags":[]},{"ancestorTitles":["MARL E2E Integration","Fase 5: Cognitive Biases"],"fullName":"MARL E2E Integration Fase 5: Cognitive Biases applyScarcityPanic increases near window end","status":"passed","title":"applyScarcityPanic increases near window end","duration":87.29654100000016,"failureMessages":[],"meta":{},"tags":[]},{"ancestorTitles":["MARL E2E Integration","Fase 5: Cognitive Biases"],"fullName":"MARL E2E Integration Fase 5: Cognitive Biases applyRecencyBias modulates by last match stats","status":"passed","title":"applyRecencyBias modulates by last match stats","duration":78.79308300000002,"failureMessages":[],"meta":{},"tags":[]},{"ancestorTitles":["MARL E2E Integration","Fase 5: Cognitive Biases"],"fullName":"MARL E2E Integration Fase 5: Cognitive Biases applyBuyBiases returns structured result","status":"passed","title":"applyBuyBiases returns structured result","duration":94.20212500000025,"failureMessages":[],"meta":{},"tags":[]},{"ancestorTitles":["MARL E2E Integration","Fase 5: Cognitive Biases"],"fullName":"MARL E2E Integration Fase 5: Cognitive Biases applySellBiases returns minAcceptable","status":"passed","title":"applySellBiases returns minAcceptable","duration":40.456208999999944,"failureMessages":[],"meta":{},"tags":[]},{"ancestorTitles":["MARL E2E Integration","Fase 6: Multi-Agent Integration"],"fullName":"MARL E2E Integration Fase 6: Multi-Agent Integration engine assigns brains to all NPC teams","status":"passed","title":"engine assigns brains to all NPC teams","duration":62.43633299999965,"failureMessages":[],"meta":{},"tags":[]},{"ancestorTitles":["MARL E2E Integration","Fase 6: Multi-Agent Integration"],"fullName":"MARL E2E Integration Fase 6: Multi-Agent Integration each NPC brain has unique personality","status":"passed","title":"each NPC brain has unique personality","duration":31.071457999999893,"failureMessages":[],"meta":{},"tags":[]},{"ancestorTitles":["MARL E2E Integration","Fase 6: Multi-Agent Integration"],"fullName":"MARL E2E Integration Fase 6: Multi-Agent Integration NPC brains have EmotionalEngine attached","status":"failed","title":"NPC brains have EmotionalEngine attached","duration":92.23424999999997,"failureMessages":["AssertionError: expected 'TILTED' to be 'CALM' // Object.is equality\n    at /Users/dudujarra/Documents/ELIFOOT/tests/integration/marl-e2e.test.js:274:48\n    at file:///Users/dudujarra/Documents/ELIFOOT/node_modules/@vitest/runner/dist/chunk-artifact.js:302:11\n    at file:///Users/dudujarra/Documents/ELIFOOT/node_modules/@vitest/runner/dist/chunk-artifact.js:1903:26\n    at file:///Users/dudujarra/Documents/ELIFOOT/node_modules/@vitest/runner/dist/chunk-artifact.js:2326:20\n    at new Promise (<anonymous>)\n    at runWithCancel (file:///Users/dudujarra/Documents/ELIFOOT/node_modules/@vitest/runner/dist/chunk-artifact.js:2323:10)\n    at file:///Users/dudujarra/Documents/ELIFOOT/node_modules/@vitest/runner/dist/chunk-artifact.js:2305:20\n    at new Promise (<anonymous>)\n    at runWithTimeout (file:///Users/dudujarra/Documents/ELIFOOT/node_modules/@vitest/runner/dist/chunk-artifact.js:2272:10)\n    at file:///Users/dudujarra/Documents/ELIFOOT/node_modules/@vitest/runner/dist/chunk-artifact.js:2955:64"],"meta":{},"tags":[]},{"ancestorTitles":["MARL E2E Integration","Fase 6: Multi-Agent Integration"],"fullName":"MARL E2E Integration Fase 6: Multi-Agent Integration npcTacticDecision returns valid tactic","status":"passed","title":"npcTacticDecision returns valid tactic","duration":127.50287500000013,"failureMessages":[],"meta":{},"tags":[]},{"ancestorTitles":["MARL E2E Integration","Fase 6: Multi-Agent Integration"],"fullName":"MARL E2E Integration Fase 6: Multi-Agent Integration npcFeedMatchResult does not throw","status":"passed","title":"npcFeedMatchResult does not throw","duration":57.67841700000008,"failureMessages":[],"meta":{},"tags":[]},{"ancestorTitles":["MARL E2E Integration","Fase 6: Multi-Agent Integration"],"fullName":"MARL E2E Integration Fase 6: Multi-Agent Integration buildNpcStateCtx returns valid context","status":"passed","title":"buildNpcStateCtx returns valid context","duration":73.11904200000026,"failureMessages":[],"meta":{},"tags":[]},{"ancestorTitles":["MARL E2E Integration","Fase 6: Multi-Agent Integration"],"fullName":"MARL E2E Integration Fase 6: Multi-Agent Integration countStreak works correctly","status":"passed","title":"countStreak works correctly","duration":146.26520900000014,"failureMessages":[],"meta":{},"tags":[]},{"ancestorTitles":["MARL E2E Integration","Fase 6: Multi-Agent Integration"],"fullName":"MARL E2E Integration Fase 6: Multi-Agent Integration shouldUseFullBrain filters by division proximity","status":"passed","title":"shouldUseFullBrain filters by division proximity","duration":123.76708299999973,"failureMessages":[],"meta":{},"tags":[]},{"ancestorTitles":["MARL E2E Integration","Fase 6: Multi-Agent Integration"],"fullName":"MARL E2E Integration Fase 6: Multi-Agent Integration AIDirector tick returns valid modifiers","status":"passed","title":"AIDirector tick returns valid modifiers","duration":135.1243340000001,"failureMessages":[],"meta":{},"tags":[]},{"ancestorTitles":["MARL E2E Integration","Fase 6: Multi-Agent Integration"],"fullName":"MARL E2E Integration Fase 6: Multi-Agent Integration AIDirector serializes and restores","status":"passed","title":"AIDirector serializes and restores","duration":139.06395799999973,"failureMessages":[],"meta":{},"tags":[]},{"ancestorTitles":["MARL E2E Integration","Full Season Simulation with MARL"],"fullName":"MARL E2E Integration Full Season Simulation with MARL engine.advanceWeek() runs 38 weeks without crashing","status":"passed","title":"engine.advanceWeek() runs 38 weeks without crashing","duration":1013.6966670000002,"failureMessages":[],"meta":{},"tags":[]},{"ancestorTitles":["MARL E2E Integration","Full Season Simulation with MARL"],"fullName":"MARL E2E Integration Full Season Simulation with MARL NPC brains accumulate updates over a season","status":"passed","title":"NPC brains accumulate updates over a season","duration":788.8047919999999,"failureMessages":[],"meta":{},"tags":[]},{"ancestorTitles":["MARL E2E Integration","Full Season Simulation with MARL"],"fullName":"MARL E2E Integration Full Season Simulation with MARL NPC emotional states change during season","status":"passed","title":"NPC emotional states change during season","duration":616.8541670000004,"failureMessages":[],"meta":{},"tags":[]},{"ancestorTitles":["MARL E2E Integration","Full Season Simulation with MARL"],"fullName":"MARL E2E Integration Full Season Simulation with MARL season rollover (startNewSeason) works with MARL brains","status":"passed","title":"season rollover (startNewSeason) works with MARL brains","duration":582.3487909999994,"failureMessages":[],"meta":{},"tags":[]},{"ancestorTitles":["MARL E2E Integration","Full Season Simulation with MARL"],"fullName":"MARL E2E Integration Full Season Simulation with MARL two full seasons complete without crash","status":"passed","title":"two full seasons complete without crash","duration":1082.6666670000004,"failureMessages":[],"meta":{},"tags":[]}],"startTime":1778523650834,"endTime":1778523658593.6667,"status":"failed","message":"","name":"/Users/dudujarra/Documents/ELIFOOT/tests/integration/marl-e2e.test.js"},{"assertionResults":[{"ancestorTitles":["SeasonHistory Strategic Data"],"fullName":"SeasonHistory Strategic Data seasonHistory has entries for each season","status":"passed","title":"seasonHistory has entries for each season","duration":1.2242919999998776,"failureMessages":[],"meta":{},"tags":[]},{"ancestorTitles":["SeasonHistory Strategic Data"],"fullName":"SeasonHistory Strategic Data each entry has division field as number","status":"passed","title":"each entry has division field as number","duration":0.44725000000016735,"failureMessages":[],"meta":{},"tags":[]},{"ancestorTitles":["SeasonHistory Strategic Data"],"fullName":"SeasonHistory Strategic Data each entry has position > 0","status":"passed","title":"each entry has position > 0","duration":0.2084580000000642,"failureMessages":[],"meta":{},"tags":[]},{"ancestorTitles":["SeasonHistory Strategic Data"],"fullName":"SeasonHistory Strategic Data each entry has numeric balance","status":"passed","title":"each entry has numeric balance","duration":0.16004199999952107,"failureMessages":[],"meta":{},"tags":[]},{"ancestorTitles":["SeasonHistory Strategic Data"],"fullName":"SeasonHistory Strategic Data each entry has promoted/relegated booleans","status":"passed","title":"each entry has promoted/relegated booleans","duration":0.24991700000009587,"failureMessages":[],"meta":{},"tags":[]},{"ancestorTitles":["SeasonHistory Strategic Data"],"fullName":"SeasonHistory Strategic Data each entry has squadSize > 0","status":"passed","title":"each entry has squadSize > 0","duration":0.19424999999955617,"failureMessages":[],"meta":{},"tags":[]},{"ancestorTitles":["SeasonHistory Strategic Data"],"fullName":"SeasonHistory Strategic Data each entry has loanActive boolean","status":"passed","title":"each entry has loanActive boolean","duration":0.16762500000004366,"failureMessages":[],"meta":{},"tags":[]},{"ancestorTitles":["SeasonHistory Strategic Data"],"fullName":"SeasonHistory Strategic Data each entry has tournamentData array","status":"passed","title":"each entry has tournamentData array","duration":0.1483749999997599,"failureMessages":[],"meta":{},"tags":[]}],"startTime":1778523655122,"endTime":1778523655124.25,"status":"passed","message":"","name":"/Users/dudujarra/Documents/ELIFOOT/tests/integration/seasonhistory-data.test.js"},{"assertionResults":[{"ancestorTitles":["System Integration: constructor state"],"fullName":"System Integration: constructor state initializes boardTension at 50","status":"passed","title":"initializes boardTension at 50","duration":66.31454199999996,"failureMessages":[],"meta":{},"tags":[]},{"ancestorTitles":["System Integration: constructor state"],"fullName":"System Integration: constructor state initializes lossStreak at 0","status":"passed","title":"initializes lossStreak at 0","duration":58.89437499999997,"failureMessages":[],"meta":{},"tags":[]},{"ancestorTitles":["System Integration: constructor state"],"fullName":"System Integration: constructor state initializes rivalryHistory as empty object","status":"passed","title":"initializes rivalryHistory as empty object","duration":91.08095800000001,"failureMessages":[],"meta":{},"tags":[]},{"ancestorTitles":["System Integration: constructor state"],"fullName":"System Integration: constructor state initializes formerCompanions as empty array","status":"passed","title":"initializes formerCompanions as empty array","duration":53.282957999999894,"failureMessages":[],"meta":{},"tags":[]},{"ancestorTitles":["System Integration: constructor state"],"fullName":"System Integration: constructor state initializes chronicles as empty array","status":"passed","title":"initializes chronicles as empty array","duration":57.06087500000001,"failureMessages":[],"meta":{},"tags":[]},{"ancestorTitles":["System Integration: constructor state"],"fullName":"System Integration: constructor state initializes hallOfLegends as null","status":"passed","title":"initializes hallOfLegends as null","duration":61.82929200000001,"failureMessages":[],"meta":{},"tags":[]},{"ancestorTitles":["System Integration: constructor state"],"fullName":"System Integration: constructor state initializes pendingCoachProposal as null","status":"passed","title":"initializes pendingCoachProposal as null","duration":86.42370900000014,"failureMessages":[],"meta":{},"tags":[]},{"ancestorTitles":["System Integration: constructor state"],"fullName":"System Integration: constructor state initializes activeChallenge as null","status":"passed","title":"initializes activeChallenge as null","duration":53.52500000000009,"failureMessages":[],"meta":{},"tags":[]},{"ancestorTitles":["System Integration: advanceWeek hooks"],"fullName":"System Integration: advanceWeek hooks SPEC-076: humiliation cascade triggers weekEvents on goleada","status":"passed","title":"SPEC-076: humiliation cascade triggers weekEvents on goleada","duration":280.74508400000013,"failureMessages":[],"meta":{},"tags":[]},{"ancestorTitles":["System Integration: advanceWeek hooks"],"fullName":"System Integration: advanceWeek hooks SPEC-077: lossStreak tracks correctly across losses","status":"passed","title":"SPEC-077: lossStreak tracks correctly across losses","duration":130.78041699999994,"failureMessages":[],"meta":{},"tags":[]},{"ancestorTitles":["System Integration: advanceWeek hooks"],"fullName":"System Integration: advanceWeek hooks SPEC-080: rivalry history populates after matches","status":"passed","title":"SPEC-080: rivalry history populates after matches","duration":585.5769580000001,"failureMessages":[],"meta":{},"tags":[]},{"ancestorTitles":["System Integration: startNewSeason hooks"],"fullName":"System Integration: startNewSeason hooks SPEC-082: chronicle is generated at season end","status":"passed","title":"SPEC-082: chronicle is generated at season end","duration":1371.7938329999997,"failureMessages":[],"meta":{},"tags":[]},{"ancestorTitles":["System Integration: startNewSeason hooks"],"fullName":"System Integration: startNewSeason hooks SPEC-078: hallOfLegends is computed at season end","status":"passed","title":"SPEC-078: hallOfLegends is computed at season end","duration":1026.8771250000004,"failureMessages":[],"meta":{},"tags":[]},{"ancestorTitles":["System Integration: startNewSeason hooks"],"fullName":"System Integration: startNewSeason hooks SPEC-072: boardTension updates on title won","status":"passed","title":"SPEC-072: boardTension updates on title won","duration":899.0527080000002,"failureMessages":[],"meta":{},"tags":[]},{"ancestorTitles":["System Integration: startNewSeason hooks"],"fullName":"System Integration: startNewSeason hooks lossStreak resets at season start","status":"passed","title":"lossStreak resets at season start","duration":66.84762500000033,"failureMessages":[],"meta":{},"tags":[]},{"ancestorTitles":["System Integration: acceptTransferOffer hooks"],"fullName":"System Integration: acceptTransferOffer hooks SPEC-081: sold players are tracked in formerCompanions","status":"passed","title":"SPEC-081: sold players are tracked in formerCompanions","duration":69.66829099999995,"failureMessages":[],"meta":{},"tags":[]},{"ancestorTitles":["System Integration: full season simulation"],"fullName":"System Integration: full season simulation completes 2 full seasons without errors","status":"passed","title":"completes 2 full seasons without errors","duration":1262.277083,"failureMessages":[],"meta":{},"tags":[]},{"ancestorTitles":["System Integration: full season simulation"],"fullName":"System Integration: full season simulation weekEvents contain system-generated events","status":"passed","title":"weekEvents contain system-generated events","duration":659.3689160000004,"failureMessages":[],"meta":{},"tags":[]}],"startTime":1778523650833,"endTime":1778523657716.369,"status":"passed","message":"","name":"/Users/dudujarra/Documents/ELIFOOT/tests/integration/system-integration.test.js"},{"assertionResults":[{"ancestorTitles":["BUG-010 regression: shell script octal handling"],"fullName":"BUG-010 regression: shell script octal handling Script roda help sem erro","status":"passed","title":"Script roda help sem erro","duration":17.282708,"failureMessages":[],"meta":{},"tags":[]},{"ancestorTitles":["BUG-010 regression: shell script octal handling"],"fullName":"BUG-010 regression: shell script octal handling Script search funcional","status":"passed","title":"Script search funcional","duration":555.911833,"failureMessages":[],"meta":{},"tags":[]},{"ancestorTitles":["BUG-010 regression: shell script octal handling"],"fullName":"BUG-010 regression: shell script octal handling Bash 10# base force aplicado","status":"passed","title":"Bash 10# base force aplicado","duration":0.3805839999999989,"failureMessages":[],"meta":{},"tags":[]}],"startTime":1778523650651,"endTime":1778523651225.3806,"status":"passed","message":"","name":"/Users/dudujarra/Documents/ELIFOOT/tests/regression/BUG-010.test.js"},{"assertionResults":[{"ancestorTitles":["BUG-011 regression: regression.yml has PR write permissions"],"fullName":"BUG-011 regression: regression.yml has PR write permissions regression.yml exists","status":"passed","title":"regression.yml exists","duration":1.4245839999999816,"failureMessages":[],"meta":{},"tags":[]},{"ancestorTitles":["BUG-011 regression: regression.yml has PR write permissions"],"fullName":"BUG-011 regression: regression.yml has PR write permissions Workflow has permissions block","status":"passed","title":"Workflow has permissions block","duration":1.0279999999999916,"failureMessages":[],"meta":{},"tags":[]},{"ancestorTitles":["BUG-011 regression: regression.yml has PR write permissions"],"fullName":"BUG-011 regression: regression.yml has PR write permissions pull-requests: write set","status":"passed","title":"pull-requests: write set","duration":0.5678330000000074,"failureMessages":[],"meta":{},"tags":[]},{"ancestorTitles":["BUG-011 regression: regression.yml has PR write permissions"],"fullName":"BUG-011 regression: regression.yml has PR write permissions issues: write set","status":"passed","title":"issues: write set","duration":0.3619589999999846,"failureMessages":[],"meta":{},"tags":[]}],"startTime":1778523655886,"endTime":1778523655889.362,"status":"passed","message":"","name":"/Users/dudujarra/Documents/ELIFOOT/tests/regression/BUG-011.test.js"},{"assertionResults":[{"ancestorTitles":["BUG-015 regression: MatchView filters null-safe"],"fullName":"BUG-015 regression: MatchView filters null-safe No unsafe e.minute filters","status":"passed","title":"No unsafe e.minute filters","duration":2.451042000000001,"failureMessages":[],"meta":{},"tags":[]},{"ancestorTitles":["BUG-015 regression: MatchView filters null-safe"],"fullName":"BUG-015 regression: MatchView filters null-safe No unsafe e.text filters","status":"passed","title":"No unsafe e.text filters","duration":0.6848750000000052,"failureMessages":[],"meta":{},"tags":[]},{"ancestorTitles":["BUG-015 regression: MatchView filters null-safe"],"fullName":"BUG-015 regression: MatchView filters null-safe Filter pattern handles undefined entries","status":"passed","title":"Filter pattern handles undefined entries","duration":0.6975419999999986,"failureMessages":[],"meta":{},"tags":[]},{"ancestorTitles":["BUG-015 regression: MatchView filters null-safe"],"fullName":"BUG-015 regression: MatchView filters null-safe events?.home?.filter null-safe pattern","status":"passed","title":"events?.home?.filter null-safe pattern","duration":0.1315840000000037,"failureMessages":[],"meta":{},"tags":[]},{"ancestorTitles":["BUG-015 regression: MatchView filters null-safe"],"fullName":"BUG-015 regression: MatchView filters null-safe events.textLog || [] handles undefined","status":"passed","title":"events.textLog || [] handles undefined","duration":0.10416599999999221,"failureMessages":[],"meta":{},"tags":[]}],"startTime":1778523655094,"endTime":1778523655098.1316,"status":"passed","message":"","name":"/Users/dudujarra/Documents/ELIFOOT/tests/regression/BUG-015.test.js"},{"assertionResults":[{"ancestorTitles":["BUG-019 regression: StaffManager.getStaff exists"],"fullName":"BUG-019 regression: StaffManager.getStaff exists getStaff method exists","status":"passed","title":"getStaff method exists","duration":1.4437079999999867,"failureMessages":[],"meta":{},"tags":[]},{"ancestorTitles":["BUG-019 regression: StaffManager.getStaff exists"],"fullName":"BUG-019 regression: StaffManager.getStaff exists getStaff(notHired) returns null","status":"passed","title":"getStaff(notHired) returns null","duration":0.16654199999999264,"failureMessages":[],"meta":{},"tags":[]},{"ancestorTitles":["BUG-019 regression: StaffManager.getStaff exists"],"fullName":"BUG-019 regression: StaffManager.getStaff exists getStaff(hired) returns role object","status":"passed","title":"getStaff(hired) returns role object","duration":0.21375000000000455,"failureMessages":[],"meta":{},"tags":[]},{"ancestorTitles":["BUG-019 regression: StaffManager.getStaff exists"],"fullName":"BUG-019 regression: StaffManager.getStaff exists getStaff invalid id returns null","status":"passed","title":"getStaff invalid id returns null","duration":0.09283299999998462,"failureMessages":[],"meta":{},"tags":[]},{"ancestorTitles":["BUG-019 regression: StaffManager.getStaff exists"],"fullName":"BUG-019 regression: StaffManager.getStaff exists getAllStaff returns all hired roles","status":"passed","title":"getAllStaff returns all hired roles","duration":0.11674999999999613,"failureMessages":[],"meta":{},"tags":[]},{"ancestorTitles":["BUG-019 regression: StaffManager.getStaff exists"],"fullName":"BUG-019 regression: StaffManager.getStaff exists STAFF_ROLES.filter pattern works (DashboardView)","status":"passed","title":"STAFF_ROLES.filter pattern works (DashboardView)","duration":0.09895800000001032,"failureMessages":[],"meta":{},"tags":[]}],"startTime":1778523656102,"endTime":1778523656104.1167,"status":"passed","message":"","name":"/Users/dudujarra/Documents/ELIFOOT/tests/regression/BUG-019.test.js"},{"assertionResults":[{"ancestorTitles":["BUG-020 regression: localStorage auto-save"],"fullName":"BUG-020 regression: localStorage auto-save GameContext exists","status":"passed","title":"GameContext exists","duration":1.9541659999999865,"failureMessages":[],"meta":{},"tags":[]},{"ancestorTitles":["BUG-020 regression: localStorage auto-save"],"fullName":"BUG-020 regression: localStorage auto-save Uses localStorage","status":"passed","title":"Uses localStorage","duration":3.056624999999997,"failureMessages":[],"meta":{},"tags":[]},{"ancestorTitles":["BUG-020 regression: localStorage auto-save"],"fullName":"BUG-020 regression: localStorage auto-save SAVE_KEY constant defined","status":"passed","title":"SAVE_KEY constant defined","duration":0.3578749999999786,"failureMessages":[],"meta":{},"tags":[]},{"ancestorTitles":["BUG-020 regression: localStorage auto-save"],"fullName":"BUG-020 regression: localStorage auto-save saveToStorage function exists","status":"passed","title":"saveToStorage function exists","duration":0.18425000000002,"failureMessages":[],"meta":{},"tags":[]},{"ancestorTitles":["BUG-020 regression: localStorage auto-save"],"fullName":"BUG-020 regression: localStorage auto-save loadFromStorage function exists","status":"passed","title":"loadFromStorage function exists","duration":0.14562500000002387,"failureMessages":[],"meta":{},"tags":[]},{"ancestorTitles":["BUG-020 regression: localStorage auto-save"],"fullName":"BUG-020 regression: localStorage auto-save useEffect auto-save on gameState change","status":"passed","title":"useEffect auto-save on gameState change","duration":0.1499589999999955,"failureMessages":[],"meta":{},"tags":[]},{"ancestorTitles":["BUG-020 regression: localStorage auto-save"],"fullName":"BUG-020 regression: localStorage auto-save Class fields not serialized (avoid breaking instances)","status":"passed","title":"Class fields not serialized (avoid breaking instances)","duration":0.15441599999999767,"failureMessages":[],"meta":{},"tags":[]},{"ancestorTitles":["BUG-020 regression: localStorage auto-save"],"fullName":"BUG-020 regression: localStorage auto-save resetGame clears storage","status":"passed","title":"resetGame clears storage","duration":0.321708000000001,"failureMessages":[],"meta":{},"tags":[]}],"startTime":1778523655921,"endTime":1778523655927.3218,"status":"passed","message":"","name":"/Users/dudujarra/Documents/ELIFOOT/tests/regression/BUG-020.test.js"},{"assertionResults":[{"ancestorTitles":["BUG-021 regression — early return must not split hooks"],"fullName":"BUG-021 regression — early return must not split hooks DashboardView: early return AFTER all hooks","status":"passed","title":"DashboardView: early return AFTER all hooks","duration":2.1595000000000084,"failureMessages":[],"meta":{},"tags":[]},{"ancestorTitles":["BUG-021 regression — early return must not split hooks"],"fullName":"BUG-021 regression — early return must not split hooks PlayerDashboardView: early return AFTER all hooks","status":"passed","title":"PlayerDashboardView: early return AFTER all hooks","duration":0.4683340000000271,"failureMessages":[],"meta":{},"tags":[]},{"ancestorTitles":["BUG-021 regression — early return must not split hooks"],"fullName":"BUG-021 regression — early return must not split hooks DashboardView: useEffect guards against null team","status":"passed","title":"DashboardView: useEffect guards against null team","duration":0.26924999999999955,"failureMessages":[],"meta":{},"tags":[]},{"ancestorTitles":["BUG-021 regression — early return must not split hooks"],"fullName":"BUG-021 regression — early return must not split hooks PlayerDashboardView: useEffects guard against null player","status":"passed","title":"PlayerDashboardView: useEffects guard against null player","duration":0.23016700000002288,"failureMessages":[],"meta":{},"tags":[]}],"startTime":1778523655190,"endTime":1778523655193.2693,"status":"passed","message":"","name":"/Users/dudujarra/Documents/ELIFOOT/tests/regression/BUG-021.test.js"},{"assertionResults":[{"ancestorTitles":["BUG-022 — All divisions process promo/relegation"],"fullName":"BUG-022 — All divisions process promo/relegation real Brazilian rules: div 2 promotes top 4 and relegates bottom 4","status":"passed","title":"real Brazilian rules: div 2 promotes top 4 and relegates bottom 4","duration":2.5517499999999984,"failureMessages":[],"meta":{},"tags":[]},{"ancestorTitles":["BUG-022 — All divisions process promo/relegation"],"fullName":"BUG-022 — All divisions process promo/relegation div 1 only relegates bottom 4, never promotes above div 1","status":"passed","title":"div 1 only relegates bottom 4, never promotes above div 1","duration":0.4048339999999939,"failureMessages":[],"meta":{},"tags":[]},{"ancestorTitles":["BUG-022 — All divisions process promo/relegation"],"fullName":"BUG-022 — All divisions process promo/relegation div 4 only promotes top 4, never relegates below div 4","status":"passed","title":"div 4 only promotes top 4, never relegates below div 4","duration":0.31637499999999363,"failureMessages":[],"meta":{},"tags":[]},{"ancestorTitles":["BUG-022 — All divisions process promo/relegation"],"fullName":"BUG-022 — All divisions process promo/relegation getDivisionCounts returns correct counts per division","status":"passed","title":"getDivisionCounts returns correct counts per division","duration":0.9396250000000066,"failureMessages":[],"meta":{},"tags":[]},{"ancestorTitles":["BUG-022 — All divisions process promo/relegation"],"fullName":"BUG-022 — All divisions process promo/relegation BUG-022: all 4 divs processed each season → div counts stay stable (20 teams each)","status":"passed","title":"BUG-022: all 4 divs processed each season → div counts stay stable (20 teams each)","duration":0.37333300000000236,"failureMessages":[],"meta":{},"tags":[]}],"startTime":1778523655689,"endTime":1778523655693.3733,"status":"passed","message":"","name":"/Users/dudujarra/Documents/ELIFOOT/tests/regression/BUG-022.test.js"},{"assertionResults":[{"ancestorTitles":["BUG-026 — engine season rollover"],"fullName":"BUG-026 — engine season rollover engine.startNewSeason exists","status":"passed","title":"engine.startNewSeason exists","duration":70.52125000000001,"failureMessages":[],"meta":{},"tags":[]},{"ancestorTitles":["BUG-026 — engine season rollover"],"fullName":"BUG-026 — engine season rollover advanceWeek auto-rollovers when currentWeek hits 38","status":"passed","title":"advanceWeek auto-rollovers when currentWeek hits 38","duration":143.96445800000004,"failureMessages":[],"meta":{},"tags":[]},{"ancestorTitles":["BUG-026 — engine season rollover"],"fullName":"BUG-026 — engine season rollover startNewSeason re-inits tournament fixtures","status":"passed","title":"startNewSeason re-inits tournament fixtures","duration":84.638416,"failureMessages":[],"meta":{},"tags":[]},{"ancestorTitles":["BUG-026 — engine season rollover"],"fullName":"BUG-026 — engine season rollover startNewSeason resets currentWeek to 0","status":"passed","title":"startNewSeason resets currentWeek to 0","duration":116.09754199999998,"failureMessages":[],"meta":{},"tags":[]},{"ancestorTitles":["BUG-026 — engine season rollover"],"fullName":"BUG-026 — engine season rollover multiple advanceWeek calls survive past week 38","status":"passed","title":"multiple advanceWeek calls survive past week 38","duration":1815.359541,"failureMessages":[],"meta":{},"tags":[]},{"ancestorTitles":["BUG-027 — TRAINING_ROTATION uses engine catalog"],"fullName":"BUG-027 — TRAINING_ROTATION uses engine catalog all training IDs in rotation are valid engine TRAINING_TYPES","status":"passed","title":"all training IDs in rotation are valid engine TRAINING_TYPES","duration":66.38129100000015,"failureMessages":[],"meta":{},"tags":[]},{"ancestorTitles":["BUG-027 — TRAINING_ROTATION uses engine catalog"],"fullName":"BUG-027 — TRAINING_ROTATION uses engine catalog engine.doTraining accepts every rotation entry","status":"passed","title":"engine.doTraining accepts every rotation entry","duration":77.95504100000016,"failureMessages":[],"meta":{},"tags":[]},{"ancestorTitles":["BUG-026b — match counting from weekResults shape"],"fullName":"BUG-026b — match counting from weekResults shape weekResults is keyed by tournamentId, not { matches }","status":"passed","title":"weekResults is keyed by tournamentId, not { matches }","duration":110.76749999999993,"failureMessages":[],"meta":{},"tags":[]},{"ancestorTitles":["BUG-029 — TRAIN frequency cap"],"fullName":"BUG-029 — TRAIN frequency cap AutoPlay TRAIN throttle reduces from 100% to ~33%","status":"passed","title":"AutoPlay TRAIN throttle reduces from 100% to ~33%","duration":0.21691699999973935,"failureMessages":[],"meta":{},"tags":[]},{"ancestorTitles":["BUG-031 — TACTIC_STUCK dedupe"],"fullName":"BUG-031 — TACTIC_STUCK dedupe TACTIC_STUCK fires at most once per 38 weeks","status":"passed","title":"TACTIC_STUCK fires at most once per 38 weeks","duration":0.169999999999618,"failureMessages":[],"meta":{},"tags":[]}],"startTime":1778523650833,"endTime":1778523653320.2168,"status":"passed","message":"","name":"/Users/dudujarra/Documents/ELIFOOT/tests/regression/BUG-026-029-autoplay.test.js"},{"assertionResults":[{"ancestorTitles":["BUG-032 — squad auto-replenish via youth intake"],"fullName":"BUG-032 — squad auto-replenish via youth intake triggerYouthIntake adds players to squad","status":"failed","title":"triggerYouthIntake adds players to squad","duration":292.45291699999996,"failureMessages":["TypeError: Cannot convert undefined or null to object\n    at Object.keys (<anonymous>)\n    at generateYouthIntake (/Users/dudujarra/Documents/ELIFOOT/src/engine/YouthAcademy.js:49:16)\n    at Engine.triggerYouthIntake (/Users/dudujarra/Documents/ELIFOOT/src/engine/engine.js:861:24)\n    at /Users/dudujarra/Documents/ELIFOOT/tests/regression/BUG-032-034-cascade.test.js:19:16\n    at file:///Users/dudujarra/Documents/ELIFOOT/node_modules/@vitest/runner/dist/chunk-artifact.js:302:11\n    at file:///Users/dudujarra/Documents/ELIFOOT/node_modules/@vitest/runner/dist/chunk-artifact.js:1903:26\n    at file:///Users/dudujarra/Documents/ELIFOOT/node_modules/@vitest/runner/dist/chunk-artifact.js:2326:20\n    at new Promise (<anonymous>)\n    at runWithCancel (file:///Users/dudujarra/Docu
[...]
"],"fullName":"NarrativeService — Camada 5 MITO integration promoteToHall delegates to MythService","status":"passed","title":"promoteToHall delegates to MythService","duration":0.0817079999999919,"failureMessages":[],"meta":{},"tags":[]},{"ancestorTitles":["NarrativeService — sem ciclos arquiteturais"],"fullName":"NarrativeService — sem ciclos arquiteturais NarrativeService → RelationshipService (one-way)","status":"passed","title":"NarrativeService → RelationshipService (one-way)","duration":0.07033299999994824,"failureMessages":[],"meta":{},"tags":[]},{"ancestorTitles":["NarrativeService — sem ciclos arquiteturais"],"fullName":"NarrativeService — sem ciclos arquiteturais NarrativeService → MythService (one-way)","status":"passed","title":"NarrativeService → MythService (one-way)","duration":0.049374999999997726,"failureMessages":[],"meta":{},"tags":[]}],"startTime":1778523654012,"endTime":1778523654018.0818,"status":"passed","message":"","name":"/Users/dudujarra/Documents/ELIFOOT/tests/specs/SPEC-NarrativeService.test.js"},{"assertionResults":[{"ancestorTitles":["MythService.generateRegenChild — v1.3"],"fullName":"MythService.generateRegenChild — v1.3 falha com engineOrSave null","status":"passed","title":"falha com engineOrSave null","duration":2.4006669999999986,"failureMessages":[],"meta":{},"tags":[]},{"ancestorTitles":["MythService.generateRegenChild — v1.3"],"fullName":"MythService.generateRegenChild — v1.3 falha sem parent encontrado","status":"passed","title":"falha sem parent encontrado","duration":0.20683400000001484,"failureMessages":[],"meta":{},"tags":[]},{"ancestorTitles":["MythService.generateRegenChild — v1.3"],"fullName":"MythService.generateRegenChild — v1.3 encontra parent na squad ativa","status":"passed","title":"encontra parent na squad ativa","duration":0.2571670000000097,"failureMessages":[],"meta":{},"tags":[]},{"ancestorTitles":["MythService.generateRegenChild — v1.3"],"fullName":"MythService.generateRegenChild — v1.3 encontra parent em retiredPlayers","status":"passed","title":"encontra parent em retiredPlayers","duration":0.22162499999998886,"failureMessages":[],"meta":{},"tags":[]},{"ancestorTitles":["MythService.generateRegenChild — v1.3"],"fullName":"MythService.generateRegenChild — v1.3 rng > 0.25: no birth (probabilidade gate)","status":"passed","title":"rng > 0.25: no birth (probabilidade gate)","duration":0.132000000000005,"failureMessages":[],"meta":{},"tags":[]},{"ancestorTitles":["MythService.generateRegenChild — v1.3"],"fullName":"MythService.generateRegenChild — v1.3 child age 16-18","status":"passed","title":"child age 16-18","duration":0.2716250000000002,"failureMessages":[],"meta":{},"tags":[]},{"ancestorTitles":["MythService.generateRegenChild — v1.3"],"fullName":"MythService.generateRegenChild — v1.3 persiste em regenLineage","status":"passed","title":"persiste em regenLineage","duration":0.8348329999999748,"failureMessages":[],"meta":{},"tags":[]},{"ancestorTitles":["MythService.generateRegenChild — v1.3"],"fullName":"MythService.generateRegenChild — v1.3 herda traits via InheritanceService injected","status":"passed","title":"herda traits via InheritanceService injected","duration":0.6914999999999907,"failureMessages":[],"meta":{},"tags":[]},{"ancestorTitles":["MythService.generateRegenChild — v1.3"],"fullName":"MythService.generateRegenChild — v1.3 child.isRegenChild flag true","status":"passed","title":"child.isRegenChild flag true","duration":0.21437499999998977,"failureMessages":[],"meta":{},"tags":[]},{"ancestorTitles":["MythService.getRegenChildren"],"fullName":"MythService.getRegenChildren retorna lineage entries","status":"passed","title":"retorna lineage entries","duration":0.3499999999999943,"failureMessages":[],"meta":{},"tags":[]},{"ancestorTitles":["MythService.getRegenChildren"],"fullName":"MythService.getRegenChildren retorna [] sem regenLineage","status":"passed","title":"retorna [] sem regenLineage","duration":0.5681249999999807,"failureMessages":[],"meta":{},"tags":[]}],"startTime":1778523654725,"endTime":1778523654731.568,"status":"passed","message":"","name":"/Users/dudujarra/Documents/ELIFOOT/tests/specs/SPEC-RegenLineage.test.js"},{"assertionResults":[{"ancestorTitles":["RelationshipService — vocabulário (SPEC-049 Camada 3)"],"fullName":"RelationshipService — vocabulário (SPEC-049 Camada 3) RELATIONSHIP_RANGE imutável","status":"passed","title":"RELATIONSHIP_RANGE imutável","duration":3.5868750000000205,"failureMessages":[],"meta":{},"tags":[]},{"ancestorTitles":["RelationshipService — vocabulário (SPEC-049 Camada 3)"],"fullName":"RelationshipService — vocabulário (SPEC-049 Camada 3) THRESHOLDS imutável","status":"passed","title":"THRESHOLDS imutável","duration":0.18529100000000653,"failureMessages":[],"meta":{},"tags":[]},{"ancestorTitles":["RelationshipService — reads"],"fullName":"RelationshipService — reads getRivalry retorna 0 default","status":"passed","title":"getRivalry retorna 0 default","duration":0.14416599999998425,"failureMessages":[],"meta":{},"tags":[]},{"ancestorTitles":["RelationshipService — reads"],"fullName":"RelationshipService — reads getRivalry symmetric (clubA-clubB === clubB-clubA)","status":"passed","title":"getRivalry symmetric (clubA-clubB === clubB-clubA)","duration":0.14212499999999295,"failureMessages":[],"meta":{},"tags":[]},{"ancestorTitles":["RelationshipService — reads"],"fullName":"RelationshipService — reads getCoachReputation retorna default 60","status":"passed","title":"getCoachReputation retorna default 60","duration":0.10762500000001296,"failureMessages":[],"meta":{},"tags":[]},{"ancestorTitles":["RelationshipService — reads"],"fullName":"RelationshipService — reads getPresidentPatience retorna default 70","status":"passed","title":"getPresidentPatience retorna default 70","duration":0.09154199999997559,"failureMessages":[],"meta":{},"tags":[]},{"ancestorTitles":["RelationshipService — recordDerby"],"fullName":"RelationshipService — recordDerby derby normal +5 rivalry","status":"passed","title":"derby normal +5 rivalry","duration":0.08329200000000014,"failureMessages":[],"meta":{},"tags":[]},{"ancestorTitles":["RelationshipService — recordDerby"],"fullName":"RelationshipService — recordDerby derby dramatic +10 rivalry","status":"passed","title":"derby dramatic +10 rivalry","duration":0.09420800000000895,"failureMessages":[],"meta":{},"tags":[]},{"ancestorTitles":["RelationshipService — recordDerby"],"fullName":"RelationshipService — recordDerby múltiplos derbys acumulam até 100 max","status":"passed","title":"múltiplos derbys acumulam até 100 max","duration":0.9090419999999995,"failureMessages":[],"meta":{},"tags":[]},{"ancestorTitles":["RelationshipService — recordDerby"],"fullName":"RelationshipService — recordDerby falha com clubId null","status":"passed","title":"falha com clubId null","duration":0.2454580000000135,"failureMessages":[],"meta":{},"tags":[]},{"ancestorTitles":["RelationshipService — recordTransfer"],"fullName":"RelationshipService — recordTransfer transfer entre clubes sem rivalry: no-op (success mas sem mudança)","status":"passed","title":"transfer entre clubes sem rivalry: no-op (success mas sem mudança)","duration":0.385249999999985,"failureMessages":[],"meta":{},"tags":[]},{"ancestorTitles":["RelationshipService — recordTransfer"],"fullName":"RelationshipService — recordTransfer transfer pra rival existente: +8 rivalry","status":"passed","title":"transfer pra rival existente: +8 rivalry","duration":0.1348339999999837,"failureMessages":[],"meta":{},"tags":[]},{"ancestorTitles":["RelationshipService — recordTransfer"],"fullName":"RelationshipService — recordTransfer mesmo clube: rejeita","status":"passed","title":"mesmo clube: rejeita","duration":0.07429099999998812,"failureMessages":[],"meta":{},"tags":[]},{"ancestorTitles":["RelationshipService — decayRivalry"],"fullName":"RelationshipService — decayRivalry decay aplica half-life","status":"passed","title":"decay aplica half-life","duration":0.23266699999999219,"failureMessages":[],"meta":{},"tags":[]},{"ancestorTitles":["RelationshipService — decayRivalry"],"fullName":"RelationshipService — decayRivalry decay não cai abaixo do floor quando inicialmente acima","status":"passed","title":"decay não cai abaixo do floor quando inicialmente acima","duration":0.13587499999999864,"failureMessages":[],"meta":{},"tags":[]},{"ancestorTitles":["RelationshipService — manager↔presidente"],"fullName":"RelationshipService — manager↔presidente adjustTrust dentro range -100..+100","status":"passed","title":"adjustTrust dentro range -100..+100","duration":0.12083300000000463,"failureMessages":[],"meta":{},"tags":[]},{"ancestorTitles":["RelationshipService — manager↔presidente"],"fullName":"RelationshipService — manager↔presidente adjustPatience dentro range 0..100","status":"passed","title":"adjustPatience dentro range 0..100","duration":0.09275000000002365,"failureMessages":[],"meta":{},"tags":[]},{"ancestorTitles":["RelationshipService — manager↔presidente"],"fullName":"RelationshipService — manager↔presidente trust default 60, patience default 70","status":"passed","title":"trust default 60, patience default 70","duration":0.06279100000000426,"failureMessages":[],"meta":{},"tags":[]}],"startTime":1778523654637,"endTime":1778523654645.0627,"status":"passed","message":"","name":"/Users/dudujarra/Documents/ELIFOOT/tests/specs/SPEC-RelationshipService.test.js"},{"assertionResults":[{"ancestorTitles":["MythService.evaluateMyth — v1.1 auto-canonization"],"fullName":"MythService.evaluateMyth — v1.1 auto-canonization save vazio: zero canonized","status":"passed","title":"save vazio: zero canonized","duration":2.129833000000019,"failureMessages":[],"meta":{},"tags":[]},{"ancestorTitles":["MythService.evaluateMyth — v1.1 auto-canonization"],"fullName":"MythService.evaluateMyth — v1.1 auto-canonization idoloEterno: 200+ gols + 1+ título + 8+ temps clube","status":"passed","title":"idoloEterno: 200+ gols + 1+ título + 8+ temps clube","duration":0.9342090000000098,"failureMessages":[],"meta":{},"tags":[]},{"ancestorTitles":["MythService.evaluateMyth — v1.1 auto-canonization"],"fullName":"MythService.evaluateMyth — v1.1 auto-canonization idoloEterno: <200 gols não promove","status":"passed","title":"idoloEterno: <200 gols não promove","duration":1.8542920000000152,"failureMessages":[],"meta":{},"tags":[]},{"ancestorTitles":["MythService.evaluateMyth — v1.1 auto-canonization"],"fullName":"MythService.evaluateMyth — v1.1 auto-canonization criaDaBase: youth + 5+ temps + 50+ jogos","status":"passed","title":"criaDaBase: youth + 5+ temps + 50+ jogos","duration":0.1948329999999885,"failureMessages":[],"meta":{},"tags":[]},{"ancestorTitles":["MythService.evaluateMyth — v1.1 auto-canonization"],"fullName":"MythService.evaluateMyth — v1.1 auto-canonization goleirao: GOL + 50+ clean sheets","status":"passed","title":"goleirao: GOL + 50+ clean sheets","duration":0.12870800000001736,"failureMessages":[],"meta":{},"tags":[]},{"ancestorTitles":["MythService.evaluateMyth — v1.1 auto-canonization"],"fullName":"MythService.evaluateMyth — v1.1 auto-canonization multiple slots populated em mesmo clube","status":"passed","title":"multiple slots populated em mesmo clube","duration":0.15449999999998454,"failureMessages":[],"meta":{},"tags":[]},{"ancestorTitles":["MythService.evaluateMyth — v1.1 auto-canonization"],"fullName":"MythService.evaluateMyth — v1.1 auto-canonization retiredPlayers também são candidatos","status":"passed","title":"retiredPlayers também são candidatos","duration":0.5609169999999892,"failureMessages":[],"meta":{},"tags":[]},{"ancestorTitles":["MythService.evaluateMyth — v1.1 auto-canonization"],"fullName":"MythService.evaluateMyth — v1.1 auto-canonization idempotente: rodar 2x não duplica","status":"passed","title":"idempotente: rodar 2x não duplica","duration":0.19666700000001924,"failureMessages":[],"meta":{},"tags":[]},{"ancestorTitles":["MythService.getTotalCanonized"],"fullName":"MythService.getTotalCanonized zero quando vazio","status":"passed","title":"zero quando vazio","duration":0.1371249999999975,"failureMessages":[],"meta":{},"tags":[]},{"ancestorTitles":["MythService.getTotalCanonized"],"fullName":"MythService.getTotalCanonized conta slots filled across clubs","status":"passed","title":"conta slots filled across clubs","duration":0.13700000000000045,"failureMessages":[],"meta":{},"tags":[]}],"startTime":1778523654779,"endTime":1778523654785.1968,"status":"passed","message":"","name":"/Users/dudujarra/Documents/ELIFOOT/tests/specs/SPEC-evaluateMyth.test.js"},{"assertionResults":[{"ancestorTitles":["Event Templates — vocabulário (SPEC-049 Camada 2)"],"fullName":"Event Templates — vocabulário (SPEC-049 Camada 2) TEMPLATES_COUNT >= 60 (v1.0.7 MVP, target 80 v1.0.7.1)","status":"passed","title":"TEMPLATES_COUNT >= 60 (v1.0.7 MVP, target 80 v1.0.7.1)","duration":1.7677500000000066,"failureMessages":[],"meta":{},"tags":[]},{"ancestorTitles":["Event Templates — vocabulário (SPEC-049 Camada 2)"],"fullName":"Event Templates — vocabulário (SPEC-049 Camada 2) EVENT_TEMPLATES é frozen (immutability)","status":"passed","title":"EVENT_TEMPLATES é frozen (immutability)","duration":0.25054099999999835,"failureMessages":[],"meta":{},"tags":[]},{"ancestorTitles":["Event Templates — vocabulário (SPEC-049 Camada 2)"],"fullName":"Event Templates — vocabulário (SPEC-049 Camada 2) todos templates têm id único","status":"passed","title":"todos templates têm id único","duration":0.169083999999998,"failureMessages":[],"meta":{},"tags":[]},{"ancestorTitles":["Event Templates — vocabulário (SPEC-049 Camada 2)"],"fullName":"Event Templates — vocabulário (SPEC-049 Camada 2) todos templates têm type válido","status":"passed","title":"todos templates têm type válido","duration":3.267959000000019,"failureMessages":[],"meta":{},"tags":[]},{"ancestorTitles":["Event Templates — vocabulário (SPEC-049 Camada 2)"],"fullName":"Event Templates — vocabulário (SPEC-049 Camada 2) todos templates têm tags válidas (vocab fixo)","status":"passed","title":"todos templates têm tags válidas (vocab fixo)","duration":4.776916999999997,"failureMessages":[],"meta":{},"tags":[]},{"ancestorTitles":["Event Templates — vocabulário (SPEC-049 Camada 2)"],"fullName":"Event Templates — vocabulário (SPEC-049 Camada 2) todos templates têm headline string com slot pattern","status":"passed","title":"todos templates têm headline string com slot pattern","duration":1.6547920000000147,"failureMessages":[],"meta":{},"tags":[]},{"ancestorTitles":["Event Templates — vocabulário (SPEC-049 Camada 2)"],"fullName":"Event Templates — vocabulário (SPEC-049 Camada 2) cobertura por tipo: cada EVENT_TYPE tem ≥3 templates (variedade narrativa)","status":"passed","title":"cobertura por tipo: cada EVENT_TYPE tem ≥3 templates (variedade narrativa)","duration":0.27837500000001114,"failureMessages":[],"meta":{},"tags":[]},{"ancestorTitles":["Event Templates — lookup helpers"],"fullName":"Event Templates — lookup helpers getEventTemplate retorna template by id","status":"passed","title":"getEventTemplate retorna template by id","duration":0.23912500000000136,"failureMessages":[],"meta":{},"tags":[]},{"ancestorTitles":["Event Templates — lookup helpers"],"fullName":"Event Templates — lookup helpers getEventTemplate retorna null para id inválido","status":"passed","title":"getEventTemplate retorna null para id inválido","duration":0.11299999999999955,"failureMessages":[],"meta":{},"tags":[]},{"ancestorTitles":["Event Templates — lookup helpers"],"fullName":"Event Templates — lookup helpers getTemplatesByType filtra por tipo","status":"passed","title":"getTemplatesByType filtra por tipo","duration":0.1914160000000038,"failureMessages":[],"meta":{},"tags":[]},{"ancestorTitles":["Event Templates — lookup helpers"],"fullName":"Event Templates — lookup helpers pickRandomTemplate determinístico com seed","status":"passed","title":"pickRandomTemplate determinístico com seed","duration":0.13104200000000787,"failureMessages":[],"meta":{},"tags":[]},{"ancestorTitles":["NarrativeService — appendEventFromTemplate"],"fullName":"NarrativeService — appendEventFromTemplate aplica defaults do template","status":"passed","title":"aplica defaults do template","duration":0.6810419999999908,"failureMessages":[],"meta":{},"tags":[]},{"ancestorTitles":["NarrativeService — appendEventFromTemplate"],"fullName":"NarrativeService — appendEventFromTemplate rejeita templateId inválido","status":"passed","title":"rejeita templateId inválido","duration":0.08754199999998491,"failureMessages":[],"meta":{},"tags":[]},{"ancestorTitles":["NarrativeService — appendEventFromTemplate"],"fullName":"NarrativeService — appendEventFromTemplate slot ausente vira [chave]","status":"passed","title":"slot ausente vira [chave]","duration":0.11866599999999039,"failureMessages":[],"meta":{},"tags":[]},{"ancestorTitles":["NarrativeService — appendEventFromTemplate"],"fullName":"NarrativeService — appendEventFromTemplate appendRandomEvent escolhe template + cria event","status":"passed","title":"appendRandomEvent escolhe template + cria event","duration":0.16091599999998607,"failureMessages":[],"meta":{},"tags":[]}],"startTime":1778523654228,"endTime":1778523654243.161,"status":"passed","message":"","name":"/Users/dudujarra/Documents/ELIFOOT/tests/specs/SPEC-eventTemplates.test.js"},{"assertionResults":[{"ancestorTitles":["Loan System"],"fullName":"Loan System getLoanOptions returns options when no active loan","status":"passed","title":"getLoanOptions returns options when no active loan","duration":213.25437499999998,"failureMessages":[],"meta":{},"tags":[]},{"ancestorTitles":["Loan System"],"fullName":"Loan System takeLoan adds money to team balance","status":"passed","title":"takeLoan adds money to team balance","duration":167.09691699999996,"failureMessages":[],"meta":{},"tags":[]},{"ancestorTitles":["Loan System"],"fullName":"Loan System cannot take second loan while one is active","status":"passed","title":"cannot take second loan while one is active","duration":208.25958300000002,"failureMessages":[],"meta":{},"tags":[]},{"ancestorTitles":["Loan System"],"fullName":"Loan System processLoanPayment deducts weekly installment","status":"passed","title":"processLoanPayment deducts weekly installment","duration":178.53033400000004,"failureMessages":[],"meta":{},"tags":[]},{"ancestorTitles":["Loan System"],"fullName":"Loan System loan is cleared when all payments made","status":"passed","title":"loan is cleared when all payments made","duration":141.89779099999987,"failureMessages":[],"meta":{},"tags":[]},{"ancestorTitles":["Loan System"],"fullName":"Loan System payOffLoan clears loan immediately","status":"passed","title":"payOffLoan clears loan immediately","duration":109.09454199999982,"failureMessages":[],"meta":{},"tags":[]},{"ancestorTitles":["Loan System"],"fullName":"Loan System payOffLoan fails if balance insufficient","status":"passed","title":"payOffLoan fails if balance insufficient","duration":123.86266699999987,"failureMessages":[],"meta":{},"tags":[]}],"startTime":1778523651796,"endTime":1778523652937.8625,"status":"passed","message":"","name":"/Users/dudujarra/Documents/ELIFOOT/tests/specs/loan-system.test.js"},{"assertionResults":[{"ancestorTitles":["Tournament State Reset"],"fullName":"Tournament State Reset KnockoutCup.init resets phase index and winner","status":"passed","title":"KnockoutCup.init resets phase index and winner","duration":1.912417000000005,"failureMessages":[],"meta":{},"tags":[]},{"ancestorTitles":["Tournament State Reset"],"fullName":"Tournament State Reset ContinentalCup.init resets groups, phase, and knockout state","status":"passed","title":"ContinentalCup.init resets groups, phase, and knockout state","duration":0.4712499999999977,"failureMessages":[],"meta":{},"tags":[]}],"startTime":1778523655661,"endTime":1778523655663.4712,"status":"passed","message":"","name":"/Users/dudujarra/Documents/ELIFOOT/tests/specs/tournament-reset.test.js"}]}
